This file contains any messages produced by compilers while
running configure, to aid debugging if configure makes a mistake.

It was created by MPFR configure 4.0.2, which was
generated by GNU Autoconf 2.69.  Invocation command line was

  $ ./configure 

## --------- ##
## Platform. ##
## --------- ##

hostname = liris-stg-r03-001
uname -m = x86_64
uname -r = 4.15.0-29-generic
uname -s = Linux
uname -v = #31-Ubuntu SMP Tue Jul 17 15:39:52 UTC 2018

/usr/bin/uname -p = unknown
/bin/uname -X     = unknown

/bin/arch              = unknown
/usr/bin/arch -k       = unknown
/usr/convex/getsysinfo = unknown
/usr/bin/hostinfo      = unknown
/bin/machine           = unknown
/usr/bin/oslevel       = unknown
/bin/universe          = unknown

PATH: /usr/local/sbin
PATH: /usr/local/bin
PATH: /usr/sbin
PATH: /usr/bin
PATH: /sbin
PATH: /bin
PATH: /usr/games
PATH: /usr/local/games


## ----------- ##
## Core tests. ##
## ----------- ##

configure:2673: checking for a BSD-compatible install
configure:2741: result: /usr/bin/install -c
configure:2752: checking whether build environment is sane
configure:2807: result: yes
configure:2958: checking for a thread-safe mkdir -p
configure:2997: result: /bin/mkdir -p
configure:3004: checking for gawk
configure:3034: result: no
configure:3004: checking for mawk
configure:3020: found /usr/bin/mawk
configure:3031: result: mawk
configure:3042: checking whether make sets $(MAKE)
configure:3064: result: yes
configure:3093: checking whether make supports nested variables
configure:3110: result: yes
configure:3228: checking whether to enable maintainer-specific portions of Makefiles
configure:3237: result: yes
configure:3265: checking build system type
configure:3279: result: x86_64-pc-linux-gnu
configure:3299: checking host system type
configure:3312: result: x86_64-pc-linux-gnu
configure:3333: checking for grep that handles long lines and -e
configure:3391: result: /bin/grep
configure:3396: checking for egrep
configure:3458: result: /bin/grep -E
configure:3463: checking for a sed that does not truncate output
configure:3527: result: /bin/sed
configure:3810: checking whether configure options are compatible
configure:3833: result: yes
configure:3843: checking for CC and CFLAGS in gmp.h
configure:3876: result: CC=gcc CFLAGS=-O2 -fomit-frame-pointer -m64 -mtune=sandybridge -march=sandybridge
configure:3882: checking for CC=gcc and CFLAGS=-O2 -fomit-frame-pointer -m64 -mtune=sandybridge -march=sandybridge
configure:3886: result: yes
configure:3948: checking for gcc
configure:3975: result: gcc
configure:4204: checking for C compiler version
configure:4213: gcc --version >&5
gcc (Ubuntu 7.4.0-1ubuntu1~18.04) 7.4.0
Copyright (C) 2017 Free Software Foundation, Inc.
This is free software; see the source for copying conditions.  There is NO
warranty; not even for MERCHANTABILITY or FITNESS FOR A PARTICULAR PURPOSE.

configure:4224: $? = 0
configure:4213: gcc -v >&5
Using built-in specs.
COLLECT_GCC=gcc
COLLECT_LTO_WRAPPER=/usr/lib/gcc/x86_64-linux-gnu/7/lto-wrapper
OFFLOAD_TARGET_NAMES=nvptx-none
OFFLOAD_TARGET_DEFAULT=1
Target: x86_64-linux-gnu
Configured with: ../src/configure -v --with-pkgversion='Ubuntu 7.4.0-1ubuntu1~18.04' --with-bugurl=file:///usr/share/doc/gcc-7/README.Bugs --enable-languages=c,ada,c++,go,brig,d,fortran,objc,obj-c++ --prefix=/usr --with-gcc-major-version-only --program-suffix=-7 --program-prefix=x86_64-linux-gnu- --enable-shared --enable-linker-build-id --libexecdir=/usr/lib --without-included-gettext --enable-threads=posix --libdir=/usr/lib --enable-nls --with-sysroot=/ --enable-clocale=gnu --enable-libstdcxx-debug --enable-libstdcxx-time=yes --with-default-libstdcxx-abi=new --enable-gnu-unique-object --disable-vtable-verify --enable-libmpx --enable-plugin --enable-default-pie --with-system-zlib --with-target-system-zlib --enable-objc-gc=auto --enable-multiarch --disable-werror --with-arch-32=i686 --with-abi=m64 --with-multilib-list=m32,m64,mx32 --enable-multilib --with-tune=generic --enable-offload-targets=nvptx-none --without-cuda-driver --enable-checking=release --build=x86_64-linux-gnu --host=x86_64-linux-gnu --target=x86_64-linux-gnu
Thread model: posix
gcc version 7.4.0 (Ubuntu 7.4.0-1ubuntu1~18.04) 
configure:4224: $? = 0
configure:4213: gcc -V >&5
gcc: error: unrecognized command line option '-V'
gcc: fatal error: no input files
compilation terminated.
configure:4224: $? = 1
configure:4213: gcc -qversion >&5
gcc: error: unrecognized command line option '-qversion'; did you mean '--version'?
gcc: fatal error: no input files
compilation terminated.
configure:4224: $? = 1
configure:4244: checking whether the C compiler works
configure:4266: gcc -O2 -fomit-frame-pointer -m64 -mtune=sandybridge -march=sandybridge   conftest.c  >&5
configure:4270: $? = 0
configure:4318: result: yes
configure:4321: checking for C compiler default output file name
configure:4323: result: a.out
configure:4329: checking for suffix of executables
configure:4336: gcc -o conftest -O2 -fomit-frame-pointer -m64 -mtune=sandybridge -march=sandybridge   conftest.c  >&5
configure:4340: $? = 0
configure:4362: result: 
configure:4384: checking whether we are cross compiling
configure:4392: gcc -o conftest -O2 -fomit-frame-pointer -m64 -mtune=sandybridge -march=sandybridge   conftest.c  >&5
configure:4396: $? = 0
configure:4403: ./conftest
configure:4407: $? = 0
configure:4422: result: no
configure:4427: checking for suffix of object files
configure:4449: gcc -c -O2 -fomit-frame-pointer -m64 -mtune=sandybridge -march=sandybridge  conftest.c >&5
configure:4453: $? = 0
configure:4474: result: o
configure:4478: checking whether we are using the GNU C compiler
configure:4497: gcc -c -O2 -fomit-frame-pointer -m64 -mtune=sandybridge -march=sandybridge  conftest.c >&5
configure:4497: $? = 0
configure:4506: result: yes
configure:4515: checking whether gcc accepts -g
configure:4535: gcc -c -g  conftest.c >&5
configure:4535: $? = 0
configure:4576: result: yes
configure:4593: checking for gcc option to accept ISO C89
configure:4656: gcc  -c -O2 -fomit-frame-pointer -m64 -mtune=sandybridge -march=sandybridge  conftest.c >&5
configure:4656: $? = 0
configure:4669: result: none needed
configure:4694: checking whether gcc understands -c and -o together
configure:4716: gcc -c conftest.c -o conftest2.o
configure:4719: $? = 0
configure:4716: gcc -c conftest.c -o conftest2.o
configure:4719: $? = 0
configure:4731: result: yes
configure:4751: checking whether make supports the include directive
configure:4766: make -f confmf.GNU && cat confinc.out
this is the am__doit target
configure:4769: $? = 0
configure:4788: result: yes (GNU style)
configure:4813: checking dependency style of gcc
configure:4924: result: gcc3
configure:4944: checking how to run the C preprocessor
configure:4975: gcc -E  conftest.c
configure:4975: $? = 0
configure:4989: gcc -E  conftest.c
conftest.c:9:10: fatal error: ac_nonexistent.h: No such file or directory
 #include <ac_nonexistent.h>
          ^~~~~~~~~~~~~~~~~~
compilation terminated.
configure:4989: $? = 1
configure: failed program was:
| /* confdefs.h */
| #define PACKAGE_NAME "MPFR"
| #define PACKAGE_TARNAME "mpfr"
| #define PACKAGE_VERSION "4.0.2"
| #define PACKAGE_STRING "MPFR 4.0.2"
| #define PACKAGE_BUGREPORT ""
| #define PACKAGE_URL ""
| /* end confdefs.h.  */
| #include <ac_nonexistent.h>
configure:5014: result: gcc -E
configure:5034: gcc -E  conftest.c
configure:5034: $? = 0
configure:5048: gcc -E  conftest.c
conftest.c:9:10: fatal error: ac_nonexistent.h: No such file or directory
 #include <ac_nonexistent.h>
          ^~~~~~~~~~~~~~~~~~
compilation terminated.
configure:5048: $? = 1
configure: failed program was:
| /* confdefs.h */
| #define PACKAGE_NAME "MPFR"
| #define PACKAGE_TARNAME "mpfr"
| #define PACKAGE_VERSION "4.0.2"
| #define PACKAGE_STRING "MPFR 4.0.2"
| #define PACKAGE_BUGREPORT ""
| #define PACKAGE_URL ""
| /* end confdefs.h.  */
| #include <ac_nonexistent.h>
configure:5133: checking for ar
configure:5149: found /usr/bin/ar
configure:5160: result: ar
configure:5186: checking the archiver (ar) interface
configure:5202: gcc -c -O2 -fomit-frame-pointer -m64 -mtune=sandybridge -march=sandybridge  conftest.c >&5
configure:5202: $? = 0
configure:5204: ar cru libconftest.a conftest.o >&5
ar: `u' modifier ignored since `D' is the default (see `U')
configure:5207: $? = 0
configure:5235: result: ar
configure:5302: checking how to print strings
configure:5329: result: printf
configure:5350: checking for a sed that does not truncate output
configure:5414: result: /bin/sed
configure:5432: checking for fgrep
configure:5494: result: /bin/grep -F
configure:5529: checking for ld used by gcc
configure:5596: result: /usr/bin/ld
configure:5603: checking if the linker (/usr/bin/ld) is GNU ld
configure:5618: result: yes
configure:5630: checking for BSD- or MS-compatible name lister (nm)
configure:5684: result: /usr/bin/nm -B
configure:5814: checking the name lister (/usr/bin/nm -B) interface
configure:5821: gcc -c -O2 -fomit-frame-pointer -m64 -mtune=sandybridge -march=sandybridge  conftest.c >&5
configure:5824: /usr/bin/nm -B "conftest.o"
configure:5827: output
0000000000000000 B some_variable
configure:5834: result: BSD nm
configure:5837: checking whether ln -s works
configure:5841: result: yes
configure:5849: checking the maximum length of command line arguments
configure:5980: result: 1572864
configure:6028: checking how to convert x86_64-pc-linux-gnu file names to x86_64-pc-linux-gnu format
configure:6068: result: func_convert_file_noop
configure:6075: checking how to convert x86_64-pc-linux-gnu file names to toolchain format
configure:6095: result: func_convert_file_noop
configure:6102: checking for /usr/bin/ld option to reload object files
configure:6109: result: -r
configure:6183: checking for objdump
configure:6199: found /usr/bin/objdump
configure:6210: result: objdump
configure:6239: checking how to recognize dependent libraries
configure:6439: result: pass_all
configure:6524: checking for dlltool
configure:6554: result: no
configure:6581: checking how to associate runtime and link libraries
configure:6608: result: printf %s\n
configure:6732: checking for archiver @FILE support
configure:6749: gcc -c -O2 -fomit-frame-pointer -m64 -mtune=sandybridge -march=sandybridge  conftest.c >&5
configure:6749: $? = 0
configure:6752: ar cru libconftest.a @conftest.lst >&5
ar: `u' modifier ignored since `D' is the default (see `U')
configure:6755: $? = 0
configure:6760: ar cru libconftest.a @conftest.lst >&5
ar: `u' modifier ignored since `D' is the default (see `U')
ar: conftest.o: No such file or directory
configure:6763: $? = 1
configure:6775: result: @
configure:6833: checking for strip
configure:6849: found /usr/bin/strip
configure:6860: result: strip
configure:6932: checking for ranlib
configure:6948: found /usr/bin/ranlib
configure:6959: result: ranlib
configure:7061: checking command to parse /usr/bin/nm -B output from gcc object
configure:7214: gcc -c -O2 -fomit-frame-pointer -m64 -mtune=sandybridge -march=sandybridge  conftest.c >&5
configure:7217: $? = 0
configure:7221: /usr/bin/nm -B conftest.o | sed -n -e 's/^.*[	 ]\([ABCDGIRSTW][ABCDGIRSTW]*\)[	 ][	 ]*\([_A-Za-z][_A-Za-z0-9]*\)$/\1 \2 \2/p' | sed '/ __gnu_lto/d' > conftest.nm
configure:7287: gcc -o conftest -O2 -fomit-frame-pointer -m64 -mtune=sandybridge -march=sandybridge   conftest.c conftstm.o >&5
configure:7290: $? = 0
configure:7328: result: ok
configure:7375: checking for sysroot
configure:7405: result: no
configure:7412: checking for a working dd
configure:7450: result: /bin/dd
configure:7454: checking how to truncate binary pipes
configure:7469: result: /bin/dd bs=4096 count=1
configure:7605: gcc -c -O2 -fomit-frame-pointer -m64 -mtune=sandybridge -march=sandybridge  conftest.c >&5
configure:7608: $? = 0
configure:7798: checking for mt
configure:7814: found /bin/mt
configure:7825: result: mt
configure:7848: checking if mt is a manifest tool
configure:7854: mt '-?'
configure:7862: result: no
configure:8535: checking for ANSI C header files
configure:8555: gcc -c -O2 -fomit-frame-pointer -m64 -mtune=sandybridge -march=sandybridge  conftest.c >&5
configure:8555: $? = 0
configure:8628: gcc -o conftest -O2 -fomit-frame-pointer -m64 -mtune=sandybridge -march=sandybridge   conftest.c  >&5
configure:8628: $? = 0
configure:8628: ./conftest
configure:8628: $? = 0
configure:8639: result: yes
configure:8652: checking for sys/types.h
configure:8652: gcc -c -O2 -fomit-frame-pointer -m64 -mtune=sandybridge -march=sandybridge  conftest.c >&5
configure:8652: $? = 0
configure:8652: result: yes
configure:8652: checking for sys/stat.h
configure:8652: gcc -c -O2 -fomit-frame-pointer -m64 -mtune=sandybridge -march=sandybridge  conftest.c >&5
configure:8652: $? = 0
configure:8652: result: yes
configure:8652: checking for stdlib.h
configure:8652: gcc -c -O2 -fomit-frame-pointer -m64 -mtune=sandybridge -march=sandybridge  conftest.c >&5
configure:8652: $? = 0
configure:8652: result: yes
configure:8652: checking for string.h
configure:8652: gcc -c -O2 -fomit-frame-pointer -m64 -mtune=sandybridge -march=sandybridge  conftest.c >&5
configure:8652: $? = 0
configure:8652: result: yes
configure:8652: checking for memory.h
configure:8652: gcc -c -O2 -fomit-frame-pointer -m64 -mtune=sandybridge -march=sandybridge  conftest.c >&5
configure:8652: $? = 0
configure:8652: result: yes
configure:8652: checking for strings.h
configure:8652: gcc -c -O2 -fomit-frame-pointer -m64 -mtune=sandybridge -march=sandybridge  conftest.c >&5
configure:8652: $? = 0
configure:8652: result: yes
configure:8652: checking for inttypes.h
configure:8652: gcc -c -O2 -fomit-frame-pointer -m64 -mtune=sandybridge -march=sandybridge  conftest.c >&5
configure:8652: $? = 0
configure:8652: result: yes
configure:8652: checking for stdint.h
configure:8652: gcc -c -O2 -fomit-frame-pointer -m64 -mtune=sandybridge -march=sandybridge  conftest.c >&5
configure:8652: $? = 0
configure:8652: result: yes
configure:8652: checking for unistd.h
configure:8652: gcc -c -O2 -fomit-frame-pointer -m64 -mtune=sandybridge -march=sandybridge  conftest.c >&5
configure:8652: $? = 0
configure:8652: result: yes
configure:8666: checking for dlfcn.h
configure:8666: gcc -c -O2 -fomit-frame-pointer -m64 -mtune=sandybridge -march=sandybridge  conftest.c >&5
configure:8666: $? = 0
configure:8666: result: yes
configure:9220: checking for objdir
configure:9235: result: .libs
configure:9499: checking if gcc supports -fno-rtti -fno-exceptions
configure:9517: gcc -c -O2 -fomit-frame-pointer -m64 -mtune=sandybridge -march=sandybridge  -fno-rtti -fno-exceptions conftest.c >&5
cc1: warning: command line option '-fno-rtti' is valid for C++/ObjC++ but not for C
configure:9521: $? = 0
configure:9534: result: no
configure:9892: checking for gcc option to produce PIC
configure:9899: result: -fPIC -DPIC
configure:9907: checking if gcc PIC flag -fPIC -DPIC works
configure:9925: gcc -c -O2 -fomit-frame-pointer -m64 -mtune=sandybridge -march=sandybridge  -fPIC -DPIC -DPIC conftest.c >&5
configure:9929: $? = 0
configure:9942: result: yes
configure:9971: checking if gcc static flag -static works
configure:9999: result: yes
configure:10014: checking if gcc supports -c -o file.o
configure:10035: gcc -c -O2 -fomit-frame-pointer -m64 -mtune=sandybridge -march=sandybridge  -o out/conftest2.o conftest.c >&5
configure:10039: $? = 0
configure:10061: result: yes
configure:10069: checking if gcc supports -c -o file.o
configure:10116: result: yes
configure:10149: checking whether the gcc linker (/usr/bin/ld -m elf_x86_64) supports shared libraries
configure:11414: result: yes
configure:11451: checking whether -lc should be explicitly linked in
configure:11459: gcc -c -O2 -fomit-frame-pointer -m64 -mtune=sandybridge -march=sandybridge  conftest.c >&5
configure:11462: $? = 0
configure:11477: gcc -shared  -fPIC -DPIC conftest.o  -v -Wl,-soname -Wl,conftest -o conftest 2\>\&1 \| /bin/grep  -lc  \>/dev/null 2\>\&1
configure:11480: $? = 0
configure:11494: result: no
configure:11654: checking dynamic linker characteristics
configure:12235: gcc -o conftest -O2 -fomit-frame-pointer -m64 -mtune=sandybridge -march=sandybridge   -Wl,-rpath -Wl,/foo conftest.c  >&5
configure:12235: $? = 0
configure:12484: result: GNU/Linux ld.so
configure:12606: checking how to hardcode library paths into programs
configure:12631: result: immediate
configure:13179: checking whether stripping libraries is possible
configure:13184: result: yes
configure:13219: checking if libtool supports shared libraries
configure:13221: result: yes
configure:13224: checking whether to build shared libraries
configure:13249: result: yes
configure:13252: checking whether to build static libraries
configure:13256: result: yes
configure:13294: checking format of `double' floating point
configure:13330: gcc -o conftest -O2 -fomit-frame-pointer -m64 -mtune=sandybridge -march=sandybridge   conftest.c  >&5
configure:13330: $? = 0
configure:13330: ./conftest
configure:13330: $? = 1
configure: program exited with status 1
configure: failed program was:
| /* confdefs.h */
| #define PACKAGE_NAME "MPFR"
| #define PACKAGE_TARNAME "mpfr"
| #define PACKAGE_VERSION "4.0.2"
| #define PACKAGE_STRING "MPFR 4.0.2"
| #define PACKAGE_BUGREPORT ""
| #define PACKAGE_URL ""
| #define STDC_HEADERS 1
| #define HAVE_SYS_TYPES_H 1
| #define HAVE_SYS_STAT_H 1
| #define HAVE_STDLIB_H 1
| #define HAVE_STRING_H 1
| #define HAVE_MEMORY_H 1
| #define HAVE_STRINGS_H 1
| #define HAVE_INTTYPES_H 1
| #define HAVE_STDINT_H 1
| #define HAVE_UNISTD_H 1
| #define HAVE_DLFCN_H 1
| #define LT_OBJDIR ".libs/"
| /* end confdefs.h.  */
| 
| 
| int
| main (void)
| {
| 
| union ieee_double_extract
| {
|   double d;
|   unsigned char x[8];
| } t;
| t.d = 2.877939254133025759330166692961938679218292236328125; /* exact */
| if (sizeof (double) != 8)
|    return 0;
| if (sizeof (unsigned char) != 1)
|    return 0;
| if (t.x[0] == 1 && t.x[1] == 2 && t.x[2] == 3 && t.x[3] == 4 &&
|     t.x[4] == 5 && t.x[5] == 6 && t.x[6] == 7 && t.x[7] == 64)
|    return 1; /* little endian */
| else if (t.x[7] == 1 && t.x[6] == 2 && t.x[5] == 3 && t.x[4] == 4 &&
|     t.x[3] == 5 && t.x[2] == 6 && t.x[1] == 7 && t.x[0] == 64)
|    return 2; /* big endian */
| else
|    return 0; /* unknown */
| 
|   ;
|   return 0;
| }
configure:13340: result: IEEE little endian
configure:13436: checking for ICC
configure:13454: gcc -c -O2 -fomit-frame-pointer -m64 -mtune=sandybridge -march=sandybridge  conftest.c >&5
conftest.c:24:3: error: #error "Not ICC"
 # error "Not ICC"
   ^~~~~
conftest.c:28:1: error: expected '=', ',', ';', 'asm' or '__attribute__' before 'int'
 int
 ^~~
configure:13454: $? = 1
configure: failed program was:
| /* confdefs.h */
| #define PACKAGE_NAME "MPFR"
| #define PACKAGE_TARNAME "mpfr"
| #define PACKAGE_VERSION "4.0.2"
| #define PACKAGE_STRING "MPFR 4.0.2"
| #define PACKAGE_BUGREPORT ""
| #define PACKAGE_URL ""
| #define STDC_HEADERS 1
| #define HAVE_SYS_TYPES_H 1
| #define HAVE_SYS_STAT_H 1
| #define HAVE_STDLIB_H 1
| #define HAVE_STRING_H 1
| #define HAVE_MEMORY_H 1
| #define HAVE_STRINGS_H 1
| #define HAVE_INTTYPES_H 1
| #define HAVE_STDINT_H 1
| #define HAVE_UNISTD_H 1
| #define HAVE_DLFCN_H 1
| #define LT_OBJDIR ".libs/"
| #define HAVE_DOUBLE_IEEE_LITTLE_ENDIAN 1
| /* end confdefs.h.  */
| 
| #if !defined(__ICC)
| # error "Not ICC"
| error
| #endif
| 
| int
| main (void)
| {
| 
|   ;
|   return 0;
| }
configure:13461: result: no
configure:13468: checking whether the selected language is C++
configure:13486: gcc -c -Wpointer-arith -O2 -fomit-frame-pointer -m64 -mtune=sandybridge -march=sandybridge  conftest.c >&5
configure:13486: $? = 0
configure:13488: result: no
configure:13539: checking for an ANSI C-conforming const
configure:13605: gcc -c -Wall -Wmissing-prototypes -Wc++-compat -Wpointer-arith -O2 -fomit-frame-pointer -m64 -mtune=sandybridge -march=sandybridge  conftest.c >&5
configure:13605: $? = 0
configure:13612: result: yes
configure:13620: checking for working volatile
configure:13639: gcc -c -Wall -Wmissing-prototypes -Wc++-compat -Wpointer-arith -O2 -fomit-frame-pointer -m64 -mtune=sandybridge -march=sandybridge  conftest.c >&5
configure:13639: $? = 0
configure:13646: result: yes
configure:13654: checking whether byte ordering is bigendian
configure:13669: gcc -c -Wall -Wmissing-prototypes -Wc++-compat -Wpointer-arith -O2 -fomit-frame-pointer -m64 -mtune=sandybridge -march=sandybridge  conftest.c >&5
conftest.c:23:9: warning: identifier "not" is a special operator name in C++ [-Wc++-compat]
         not a universal capable compiler
         ^
conftest.c:23:9: error: unknown type name 'not'
         not a universal capable compiler
         ^~~
conftest.c:23:15: error: expected '=', ',', ';', 'asm' or '__attribute__' before 'universal'
         not a universal capable compiler
               ^~~~~~~~~
conftest.c:23:15: error: unknown type name 'universal'
configure:13669: $? = 1
configure: failed program was:
| /* confdefs.h */
| #define PACKAGE_NAME "MPFR"
| #define PACKAGE_TARNAME "mpfr"
| #define PACKAGE_VERSION "4.0.2"
| #define PACKAGE_STRING "MPFR 4.0.2"
| #define PACKAGE_BUGREPORT ""
| #define PACKAGE_URL ""
| #define STDC_HEADERS 1
| #define HAVE_SYS_TYPES_H 1
| #define HAVE_SYS_STAT_H 1
| #define HAVE_STDLIB_H 1
| #define HAVE_STRING_H 1
| #define HAVE_MEMORY_H 1
| #define HAVE_STRINGS_H 1
| #define HAVE_INTTYPES_H 1
| #define HAVE_STDINT_H 1
| #define HAVE_UNISTD_H 1
| #define HAVE_DLFCN_H 1
| #define LT_OBJDIR ".libs/"
| #define HAVE_DOUBLE_IEEE_LITTLE_ENDIAN 1
| /* end confdefs.h.  */
| #ifndef __APPLE_CC__
| 	       not a universal capable compiler
| 	     #endif
| 	     typedef int dummy;
| 
configure:13714: gcc -c -Wall -Wmissing-prototypes -Wc++-compat -Wpointer-arith -O2 -fomit-frame-pointer -m64 -mtune=sandybridge -march=sandybridge  conftest.c >&5
configure:13714: $? = 0
configure:13732: gcc -c -Wall -Wmissing-prototypes -Wc++-compat -Wpointer-arith -O2 -fomit-frame-pointer -m64 -mtune=sandybridge -march=sandybridge  conftest.c >&5
conftest.c: In function 'main':
conftest.c:29:4: warning: identifier "not" is a special operator name in C++ [-Wc++-compat]
    not big endian
    ^
conftest.c:29:4: error: unknown type name 'not'; did you mean 'ino_t'?
    not big endian
    ^~~
    ino_t
conftest.c:29:12: error: expected '=', ',', ';', 'asm' or '__attribute__' before 'endian'
    not big endian
            ^~~~~~
configure:13732: $? = 1
configure: failed program was:
| /* confdefs.h */
| #define PACKAGE_NAME "MPFR"
| #define PACKAGE_TARNAME "mpfr"
| #define PACKAGE_VERSION "4.0.2"
| #define PACKAGE_STRING "MPFR 4.0.2"
| #define PACKAGE_BUGREPORT ""
| #define PACKAGE_URL ""
| #define STDC_HEADERS 1
| #define HAVE_SYS_TYPES_H 1
| #define HAVE_SYS_STAT_H 1
| #define HAVE_STDLIB_H 1
| #define HAVE_STRING_H 1
| #define HAVE_MEMORY_H 1
| #define HAVE_STRINGS_H 1
| #define HAVE_INTTYPES_H 1
| #define HAVE_STDINT_H 1
| #define HAVE_UNISTD_H 1
| #define HAVE_DLFCN_H 1
| #define LT_OBJDIR ".libs/"
| #define HAVE_DOUBLE_IEEE_LITTLE_ENDIAN 1
| /* end confdefs.h.  */
| #include <sys/types.h>
| 		#include <sys/param.h>
| 
| int
| main (void)
| {
| #if BYTE_ORDER != BIG_ENDIAN
| 		 not big endian
| 		#endif
| 
|   ;
|   return 0;
| }
configure:13860: result: no
configure:14035: checking for main in -lm
configure:14054: gcc -o conftest -Wall -Wmissing-prototypes -Wc++-compat -Wpointer-arith -O2 -fomit-frame-pointer -m64 -mtune=sandybridge -march=sandybridge   conftest.c -lm   >&5
configure:14054: $? = 0
configure:14063: result: yes
configure:14077: checking for main in -lquadmath
configure:14096: gcc -o conftest -Wall -Wmissing-prototypes -Wc++-compat -Wpointer-arith -O2 -fomit-frame-pointer -m64 -mtune=sandybridge -march=sandybridge   conftest.c -lquadmath   >&5
configure:14096: $? = 0
configure:14105: result: yes
configure:14114: checking whether time.h and sys/time.h may both be included
configure:14134: gcc -c -Wall -Wmissing-prototypes -Wc++-compat -Wpointer-arith -O2 -fomit-frame-pointer -m64 -mtune=sandybridge -march=sandybridge  conftest.c >&5
configure:14134: $? = 0
configure:14141: result: yes
configure:14149: checking for size_t
configure:14149: gcc -c -Wall -Wmissing-prototypes -Wc++-compat -Wpointer-arith -O2 -fomit-frame-pointer -m64 -mtune=sandybridge -march=sandybridge  conftest.c >&5
configure:14149: $? = 0
configure:14149: gcc -c -Wall -Wmissing-prototypes -Wc++-compat -Wpointer-arith -O2 -fomit-frame-pointer -m64 -mtune=sandybridge -march=sandybridge  conftest.c >&5
conftest.c: In function 'main':
conftest.c:60:21: error: expected expression before ')' token
 if (sizeof ((size_t)))
                     ^
configure:14149: $? = 1
configure: failed program was:
| /* confdefs.h */
| #define PACKAGE_NAME "MPFR"
| #define PACKAGE_TARNAME "mpfr"
| #define PACKAGE_VERSION "4.0.2"
| #define PACKAGE_STRING "MPFR 4.0.2"
| #define PACKAGE_BUGREPORT ""
| #define PACKAGE_URL ""
| #define STDC_HEADERS 1
| #define HAVE_SYS_TYPES_H 1
| #define HAVE_SYS_STAT_H 1
| #define HAVE_STDLIB_H 1
| #define HAVE_STRING_H 1
| #define HAVE_MEMORY_H 1
| #define HAVE_STRINGS_H 1
| #define HAVE_INTTYPES_H 1
| #define HAVE_STDINT_H 1
| #define HAVE_UNISTD_H 1
| #define HAVE_DLFCN_H 1
| #define LT_OBJDIR ".libs/"
| #define HAVE_DOUBLE_IEEE_LITTLE_ENDIAN 1
| #define HAVE_LITTLE_ENDIAN 1
| #define TIME_WITH_SYS_TIME 1
| /* end confdefs.h.  */
| #include <stdio.h>
| #ifdef HAVE_SYS_TYPES_H
| # include <sys/types.h>
| #endif
| #ifdef HAVE_SYS_STAT_H
| # include <sys/stat.h>
| #endif
| #ifdef STDC_HEADERS
| # include <stdlib.h>
| # include <stddef.h>
| #else
| # ifdef HAVE_STDLIB_H
| #  include <stdlib.h>
| # endif
| #endif
| #ifdef HAVE_STRING_H
| # if !defined STDC_HEADERS && defined HAVE_MEMORY_H
| #  include <memory.h>
| # endif
| # include <string.h>
| #endif
| #ifdef HAVE_STRINGS_H
| # include <strings.h>
| #endif
| #ifdef HAVE_INTTYPES_H
| # include <inttypes.h>
| #endif
| #ifdef HAVE_STDINT_H
| # include <stdint.h>
| #endif
| #ifdef HAVE_UNISTD_H
| # include <unistd.h>
| #endif
| int
| main (void)
| {
| if (sizeof ((size_t)))
| 	    return 0;
|   ;
|   return 0;
| }
configure:14149: result: yes
configure:14919: checking limits.h usability
configure:14919: gcc -c -Wall -Wmissing-prototypes -Wc++-compat -Wpointer-arith -O2 -fomit-frame-pointer -m64 -mtune=sandybridge -march=sandybridge  conftest.c >&5
configure:14919: $? = 0
configure:14919: result: yes
configure:14919: checking limits.h presence
configure:14919: gcc -E  conftest.c
configure:14919: $? = 0
configure:14919: result: yes
configure:14919: checking for limits.h
configure:14919: result: yes
configure:14927: checking float.h usability
configure:14927: gcc -c -Wall -Wmissing-prototypes -Wc++-compat -Wpointer-arith -O2 -fomit-frame-pointer -m64 -mtune=sandybridge -march=sandybridge  conftest.c >&5
configure:14927: $? = 0
configure:14927: result: yes
configure:14927: checking float.h presence
configure:14927: gcc -E  conftest.c
configure:14927: $? = 0
configure:14927: result: yes
configure:14927: checking for float.h
configure:14927: result: yes
configure:14935: checking for string.h
configure:14935: result: yes
configure:14946: checking locale.h usability
configure:14946: gcc -c -Wall -Wmissing-prototypes -Wc++-compat -Wpointer-arith -O2 -fomit-frame-pointer -m64 -mtune=sandybridge -march=sandybridge  conftest.c >&5
configure:14946: $? = 0
configure:14946: result: yes
configure:14946: checking locale.h presence
configure:14946: gcc -E  conftest.c
configure:14946: $? = 0
configure:14946: result: yes
configure:14946: checking for locale.h
configure:14946: result: yes
configure:14959: checking wchar.h usability
configure:14959: gcc -c -Wall -Wmissing-prototypes -Wc++-compat -Wpointer-arith -O2 -fomit-frame-pointer -m64 -mtune=sandybridge -march=sandybridge  conftest.c >&5
configure:14959: $? = 0
configure:14959: result: yes
configure:14959: checking wchar.h presence
configure:14959: gcc -E  conftest.c
configure:14959: $? = 0
configure:14959: result: yes
configure:14959: checking for wchar.h
configure:14959: result: yes
configure:14970: checking stdarg.h usability
configure:14970: gcc -c -Wall -Wmissing-prototypes -Wc++-compat -Wpointer-arith -O2 -fomit-frame-pointer -m64 -mtune=sandybridge -march=sandybridge  conftest.c >&5
configure:14970: $? = 0
configure:14970: result: yes
configure:14970: checking stdarg.h presence
configure:14970: gcc -E  conftest.c
configure:14970: $? = 0
configure:14970: result: yes
configure:14970: checking for stdarg.h
configure:14970: result: yes
configure:14991: checking sys/time.h usability
configure:14991: gcc -c -Wall -Wmissing-prototypes -Wc++-compat -Wpointer-arith -O2 -fomit-frame-pointer -m64 -mtune=sandybridge -march=sandybridge  conftest.c >&5
configure:14991: $? = 0
configure:14991: result: yes
configure:14991: checking sys/time.h presence
configure:14991: gcc -E  conftest.c
configure:14991: $? = 0
configure:14991: result: yes
configure:14991: checking for sys/time.h
configure:14991: result: yes
configure:14991: checking sys/fpu.h usability
configure:14991: gcc -c -Wall -Wmissing-prototypes -Wc++-compat -Wpointer-arith -O2 -fomit-frame-pointer -m64 -mtune=sandybridge -march=sandybridge  conftest.c >&5
conftest.c:61:10: fatal error: sys/fpu.h: No such file or directory
 #include <sys/fpu.h>
          ^~~~~~~~~~~
compilation terminated.
configure:14991: $? = 1
configure: failed program was:
| /* confdefs.h */
| #define PACKAGE_NAME "MPFR"
| #define PACKAGE_TARNAME "mpfr"
| #define PACKAGE_VERSION "4.0.2"
| #define PACKAGE_STRING "MPFR 4.0.2"
| #define PACKAGE_BUGREPORT ""
| #define PACKAGE_URL ""
| #define STDC_HEADERS 1
| #define HAVE_SYS_TYPES_H 1
| #define HAVE_SYS_STAT_H 1
| #define HAVE_STDLIB_H 1
| #define HAVE_STRING_H 1
| #define HAVE_MEMORY_H 1
| #define HAVE_STRINGS_H 1
| #define HAVE_INTTYPES_H 1
| #define HAVE_STDINT_H 1
| #define HAVE_UNISTD_H 1
| #define HAVE_DLFCN_H 1
| #define LT_OBJDIR ".libs/"
| #define HAVE_DOUBLE_IEEE_LITTLE_ENDIAN 1
| #define HAVE_LITTLE_ENDIAN 1
| #define TIME_WITH_SYS_TIME 1
| #define HAVE_LOCALE_H 1
| #define HAVE_WCHAR_H 1
| #define HAVE_STDARG 1
| #define HAVE_SYS_TIME_H 1
| /* end confdefs.h.  */
| #include <stdio.h>
| #ifdef HAVE_SYS_TYPES_H
| # include <sys/types.h>
| #endif
| #ifdef HAVE_SYS_STAT_H
| # include <sys/stat.h>
| #endif
| #ifdef STDC_HEADERS
| # include <stdlib.h>
| # include <stddef.h>
| #else
| # ifdef HAVE_STDLIB_H
| #  include <stdlib.h>
| # endif
| #endif
| #ifdef HAVE_STRING_H
| # if !defined STDC_HEADERS && defined HAVE_MEMORY_H
| #  include <memory.h>
| # endif
| # include <string.h>
| #endif
| #ifdef HAVE_STRINGS_H
| # include <strings.h>
| #endif
| #ifdef HAVE_INTTYPES_H
| # include <inttypes.h>
| #endif
| #ifdef HAVE_STDINT_H
| # include <stdint.h>
| #endif
| #ifdef HAVE_UNISTD_H
| # include <unistd.h>
| #endif
| #include <sys/fpu.h>
configure:14991: result: no
configure:14991: checking sys/fpu.h presence
configure:14991: gcc -E  conftest.c
conftest.c:28:10: fatal error: sys/fpu.h: No such file or directory
 #include <sys/fpu.h>
          ^~~~~~~~~~~
compilation terminated.
configure:14991: $? = 1
configure: failed program was:
| /* confdefs.h */
| #define PACKAGE_NAME "MPFR"
| #define PACKAGE_TARNAME "mpfr"
| #define PACKAGE_VERSION "4.0.2"
| #define PACKAGE_STRING "MPFR 4.0.2"
| #define PACKAGE_BUGREPORT ""
| #define PACKAGE_URL ""
| #define STDC_HEADERS 1
| #define HAVE_SYS_TYPES_H 1
| #define HAVE_SYS_STAT_H 1
| #define HAVE_STDLIB_H 1
| #define HAVE_STRING_H 1
| #define HAVE_MEMORY_H 1
| #define HAVE_STRINGS_H 1
| #define HAVE_INTTYPES_H 1
| #define HAVE_STDINT_H 1
| #define HAVE_UNISTD_H 1
| #define HAVE_DLFCN_H 1
| #define LT_OBJDIR ".libs/"
| #define HAVE_DOUBLE_IEEE_LITTLE_ENDIAN 1
| #define HAVE_LITTLE_ENDIAN 1
| #define TIME_WITH_SYS_TIME 1
| #define HAVE_LOCALE_H 1
| #define HAVE_WCHAR_H 1
| #define HAVE_STDARG 1
| #define HAVE_SYS_TIME_H 1
| /* end confdefs.h.  */
| #include <sys/fpu.h>
configure:14991: result: no
configure:14991: checking for sys/fpu.h
configure:14991: result: no
configure:15002: checking for struct lconv.decimal_point
configure:15002: gcc -c -Wall -Wmissing-prototypes -Wc++-compat -Wpointer-arith -O2 -fomit-frame-pointer -m64 -mtune=sandybridge -march=sandybridge  conftest.c >&5
configure:15002: $? = 0
configure:15002: result: yes
configure:15012: checking for struct lconv.thousands_sep
configure:15012: gcc -c -Wall -Wmissing-prototypes -Wc++-compat -Wpointer-arith -O2 -fomit-frame-pointer -m64 -mtune=sandybridge -march=sandybridge  conftest.c >&5
configure:15012: $? = 0
configure:15012: result: yes
configure:15026: checking for working alloca.h
configure:15043: gcc -o conftest -Wall -Wmissing-prototypes -Wc++-compat -Wpointer-arith -O2 -fomit-frame-pointer -m64 -mtune=sandybridge -march=sandybridge   conftest.c  >&5
configure:15043: $? = 0
configure:15051: result: yes
configure:15059: checking for alloca
configure:15096: gcc -o conftest -Wall -Wmissing-prototypes -Wc++-compat -Wpointer-arith -O2 -fomit-frame-pointer -m64 -mtune=sandybridge -march=sandybridge   conftest.c  >&5
configure:15096: $? = 0
configure:15104: result: yes
configure:15211: checking how to copy va_list
configure:15229: gcc -o conftest -Wall -Wmissing-prototypes -Wc++-compat -Wpointer-arith -O2 -fomit-frame-pointer -m64 -mtune=sandybridge -march=sandybridge   conftest.c  >&5
configure:15229: $? = 0
configure:15231: result: va_copy
configure:15270: checking for memmove
configure:15270: gcc -o conftest -Wall -Wmissing-prototypes -Wc++-compat -Wpointer-arith -O2 -fomit-frame-pointer -m64 -mtune=sandybridge -march=sandybridge   conftest.c  >&5
conftest.c:56:6: warning: conflicting types for built-in function 'memmove' [-Wbuiltin-declaration-mismatch]
 char memmove ();
      ^~~~~~~
configure:15270: $? = 0
configure:15270: result: yes
configure:15270: checking for memset
configure:15270: gcc -o conftest -Wall -Wmissing-prototypes -Wc++-compat -Wpointer-arith -O2 -fomit-frame-pointer -m64 -mtune=sandybridge -march=sandybridge   conftest.c  >&5
conftest.c:57:6: warning: conflicting types for built-in function 'memset' [-Wbuiltin-declaration-mismatch]
 char memset ();
      ^~~~~~
configure:15270: $? = 0
configure:15270: result: yes
configure:15270: checking for setlocale
configure:15270: gcc -o conftest -Wall -Wmissing-prototypes -Wc++-compat -Wpointer-arith -O2 -fomit-frame-pointer -m64 -mtune=sandybridge -march=sandybridge   conftest.c  >&5
configure:15270: $? = 0
configure:15270: result: yes
configure:15270: checking for strtol
configure:15270: gcc -o conftest -Wall -Wmissing-prototypes -Wc++-compat -Wpointer-arith -O2 -fomit-frame-pointer -m64 -mtune=sandybridge -march=sandybridge   conftest.c  >&5
configure:15270: $? = 0
configure:15270: result: yes
configure:15270: checking for gettimeofday
configure:15270: gcc -o conftest -Wall -Wmissing-prototypes -Wc++-compat -Wpointer-arith -O2 -fomit-frame-pointer -m64 -mtune=sandybridge -march=sandybridge   conftest.c  >&5
configure:15270: $? = 0
configure:15270: result: yes
configure:15270: checking for signal
configure:15270: gcc -o conftest -Wall -Wmissing-prototypes -Wc++-compat -Wpointer-arith -O2 -fomit-frame-pointer -m64 -mtune=sandybridge -march=sandybridge   conftest.c  >&5
configure:15270: $? = 0
configure:15270: result: yes
configure:15280: checking for sigaction and its associated structure
configure:15299: gcc -o conftest -Wall -Wmissing-prototypes -Wc++-compat -Wpointer-arith -O2 -fomit-frame-pointer -m64 -mtune=sandybridge -march=sandybridge   conftest.c  >&5
configure:15299: $? = 0
configure:15301: result: yes
configure:15314: checking for long long int
configure:15314: gcc -c -Wall -Wmissing-prototypes -Wc++-compat -Wpointer-arith -O2 -fomit-frame-pointer -m64 -mtune=sandybridge -march=sandybridge  conftest.c >&5
configure:15314: $? = 0
configure:15314: gcc -c -Wall -Wmissing-prototypes -Wc++-compat -Wpointer-arith -O2 -fomit-frame-pointer -m64 -mtune=sandybridge -march=sandybridge  conftest.c >&5
conftest.c: In function 'main':
conftest.c:76:28: error: expected expression before ')' token
 if (sizeof ((long long int)))
                            ^
configure:15314: $? = 1
configure: failed program was:
| /* confdefs.h */
| #define PACKAGE_NAME "MPFR"
| #define PACKAGE_TARNAME "mpfr"
| #define PACKAGE_VERSION "4.0.2"
| #define PACKAGE_STRING "MPFR 4.0.2"
| #define PACKAGE_BUGREPORT ""
| #define PACKAGE_URL ""
| #define STDC_HEADERS 1
| #define HAVE_SYS_TYPES_H 1
| #define HAVE_SYS_STAT_H 1
| #define HAVE_STDLIB_H 1
| #define HAVE_STRING_H 1
| #define HAVE_MEMORY_H 1
| #define HAVE_STRINGS_H 1
| #define HAVE_INTTYPES_H 1
| #define HAVE_STDINT_H 1
| #define HAVE_UNISTD_H 1
| #define HAVE_DLFCN_H 1
| #define LT_OBJDIR ".libs/"
| #define HAVE_DOUBLE_IEEE_LITTLE_ENDIAN 1
| #define HAVE_LITTLE_ENDIAN 1
| #define TIME_WITH_SYS_TIME 1
| #define HAVE_LOCALE_H 1
| #define HAVE_WCHAR_H 1
| #define HAVE_STDARG 1
| #define HAVE_SYS_TIME_H 1
| #define HAVE_STRUCT_LCONV_DECIMAL_POINT 1
| #define HAVE_STRUCT_LCONV_THOUSANDS_SEP 1
| #define HAVE_ALLOCA_H 1
| #define HAVE_ALLOCA 1
| #define HAVE_VA_COPY 1
| #define HAVE_MEMMOVE 1
| #define HAVE_MEMSET 1
| #define HAVE_SETLOCALE 1
| #define HAVE_STRTOL 1
| #define HAVE_GETTIMEOFDAY 1
| #define HAVE_SIGNAL 1
| #define HAVE_SIGACTION 1
| /* end confdefs.h.  */
| #include <stdio.h>
| #ifdef HAVE_SYS_TYPES_H
| # include <sys/types.h>
| #endif
| #ifdef HAVE_SYS_STAT_H
| # include <sys/stat.h>
| #endif
| #ifdef STDC_HEADERS
| # include <stdlib.h>
| # include <stddef.h>
| #else
| # ifdef HAVE_STDLIB_H
| #  include <stdlib.h>
| # endif
| #endif
| #ifdef HAVE_STRING_H
| # if !defined STDC_HEADERS && defined HAVE_MEMORY_H
| #  include <memory.h>
| # endif
| # include <string.h>
| #endif
| #ifdef HAVE_STRINGS_H
| # include <strings.h>
| #endif
| #ifdef HAVE_INTTYPES_H
| # include <inttypes.h>
| #endif
| #ifdef HAVE_STDINT_H
| # include <stdint.h>
| #endif
| #ifdef HAVE_UNISTD_H
| # include <unistd.h>
| #endif
| int
| main (void)
| {
| if (sizeof ((long long int)))
| 	    return 0;
|   ;
|   return 0;
| }
configure:15314: result: yes
configure:15322: checking for intmax_t
configure:15322: gcc -c -Wall -Wmissing-prototypes -Wc++-compat -Wpointer-arith -O2 -fomit-frame-pointer -m64 -mtune=sandybridge -march=sandybridge  conftest.c >&5
configure:15322: $? = 0
configure:15322: gcc -c -Wall -Wmissing-prototypes -Wc++-compat -Wpointer-arith -O2 -fomit-frame-pointer -m64 -mtune=sandybridge -march=sandybridge  conftest.c >&5
conftest.c: In function 'main':
conftest.c:77:23: error: expected expression before ')' token
 if (sizeof ((intmax_t)))
                       ^
configure:15322: $? = 1
configure: failed program was:
| /* confdefs.h */
| #define PACKAGE_NAME "MPFR"
| #define PACKAGE_TARNAME "mpfr"
| #define PACKAGE_VERSION "4.0.2"
| #define PACKAGE_STRING "MPFR 4.0.2"
| #define PACKAGE_BUGREPORT ""
| #define PACKAGE_URL ""
| #define STDC_HEADERS 1
| #define HAVE_SYS_TYPES_H 1
| #define HAVE_SYS_STAT_H 1
| #define HAVE_STDLIB_H 1
| #define HAVE_STRING_H 1
| #define HAVE_MEMORY_H 1
| #define HAVE_STRINGS_H 1
| #define HAVE_INTTYPES_H 1
| #define HAVE_STDINT_H 1
| #define HAVE_UNISTD_H 1
| #define HAVE_DLFCN_H 1
| #define LT_OBJDIR ".libs/"
| #define HAVE_DOUBLE_IEEE_LITTLE_ENDIAN 1
| #define HAVE_LITTLE_ENDIAN 1
| #define TIME_WITH_SYS_TIME 1
| #define HAVE_LOCALE_H 1
| #define HAVE_WCHAR_H 1
| #define HAVE_STDARG 1
| #define HAVE_SYS_TIME_H 1
| #define HAVE_STRUCT_LCONV_DECIMAL_POINT 1
| #define HAVE_STRUCT_LCONV_THOUSANDS_SEP 1
| #define HAVE_ALLOCA_H 1
| #define HAVE_ALLOCA 1
| #define HAVE_VA_COPY 1
| #define HAVE_MEMMOVE 1
| #define HAVE_MEMSET 1
| #define HAVE_SETLOCALE 1
| #define HAVE_STRTOL 1
| #define HAVE_GETTIMEOFDAY 1
| #define HAVE_SIGNAL 1
| #define HAVE_SIGACTION 1
| #define HAVE_LONG_LONG 1
| /* end confdefs.h.  */
| #include <stdio.h>
| #ifdef HAVE_SYS_TYPES_H
| # include <sys/types.h>
| #endif
| #ifdef HAVE_SYS_STAT_H
| # include <sys/stat.h>
| #endif
| #ifdef STDC_HEADERS
| # include <stdlib.h>
| # include <stddef.h>
| #else
| # ifdef HAVE_STDLIB_H
| #  include <stdlib.h>
| # endif
| #endif
| #ifdef HAVE_STRING_H
| # if !defined STDC_HEADERS && defined HAVE_MEMORY_H
| #  include <memory.h>
| # endif
| # include <string.h>
| #endif
| #ifdef HAVE_STRINGS_H
| # include <strings.h>
| #endif
| #ifdef HAVE_INTTYPES_H
| # include <inttypes.h>
| #endif
| #ifdef HAVE_STDINT_H
| # include <stdint.h>
| #endif
| #ifdef HAVE_UNISTD_H
| # include <unistd.h>
| #endif
| int
| main (void)
| {
| if (sizeof ((intmax_t)))
| 	    return 0;
|   ;
|   return 0;
| }
configure:15322: result: yes
configure:15333: checking for working INTMAX_MAX
configure:15353: gcc -c -Wall -Wmissing-prototypes -Wc++-compat -Wpointer-arith -O2 -fomit-frame-pointer -m64 -mtune=sandybridge -march=sandybridge  -I./src conftest.c >&5
configure:15353: $? = 0
configure:15362: result: yes
configure:15369: checking for working printf length modifier for intmax_t
configure:15403: gcc -o conftest -Wall -Wmissing-prototypes -Wc++-compat -Wpointer-arith -O2 -fomit-frame-pointer -m64 -mtune=sandybridge -march=sandybridge  -I./src  conftest.c  >&5
configure:15403: $? = 0
configure:15403: ./conftest
configure:15403: $? = 0
configure:15416: result: j
configure:15427: checking for union fpc_csr
configure:15427: gcc -c -Wall -Wmissing-prototypes -Wc++-compat -Wpointer-arith -O2 -fomit-frame-pointer -m64 -mtune=sandybridge -march=sandybridge  conftest.c >&5
conftest.c: In function 'main':
conftest.c:53:13: error: invalid application of 'sizeof' to incomplete type 'union fpc_csr'
 if (sizeof (union fpc_csr))
             ^~~~~
configure:15427: $? = 1
configure: failed program was:
| /* confdefs.h */
| #define PACKAGE_NAME "MPFR"
| #define PACKAGE_TARNAME "mpfr"
| #define PACKAGE_VERSION "4.0.2"
| #define PACKAGE_STRING "MPFR 4.0.2"
| #define PACKAGE_BUGREPORT ""
| #define PACKAGE_URL ""
| #define STDC_HEADERS 1
| #define HAVE_SYS_TYPES_H 1
| #define HAVE_SYS_STAT_H 1
| #define HAVE_STDLIB_H 1
| #define HAVE_STRING_H 1
| #define HAVE_MEMORY_H 1
| #define HAVE_STRINGS_H 1
| #define HAVE_INTTYPES_H 1
| #define HAVE_STDINT_H 1
| #define HAVE_UNISTD_H 1
| #define HAVE_DLFCN_H 1
| #define LT_OBJDIR ".libs/"
| #define HAVE_DOUBLE_IEEE_LITTLE_ENDIAN 1
| #define HAVE_LITTLE_ENDIAN 1
| #define TIME_WITH_SYS_TIME 1
| #define HAVE_LOCALE_H 1
| #define HAVE_WCHAR_H 1
| #define HAVE_STDARG 1
| #define HAVE_SYS_TIME_H 1
| #define HAVE_STRUCT_LCONV_DECIMAL_POINT 1
| #define HAVE_STRUCT_LCONV_THOUSANDS_SEP 1
| #define HAVE_ALLOCA_H 1
| #define HAVE_ALLOCA 1
| #define HAVE_VA_COPY 1
| #define HAVE_MEMMOVE 1
| #define HAVE_MEMSET 1
| #define HAVE_SETLOCALE 1
| #define HAVE_STRTOL 1
| #define HAVE_GETTIMEOFDAY 1
| #define HAVE_SIGNAL 1
| #define HAVE_SIGACTION 1
| #define HAVE_LONG_LONG 1
| #define HAVE_INTMAX_T 1
| #define MPFR_HAVE_INTMAX_MAX 1
| #define MPFR_PRINTF_MAXLM "j"
| /* end confdefs.h.  */
| 
| #if HAVE_SYS_FPU_H
| #  include <sys/fpu.h>
| #endif
| 
| 
| int
| main (void)
| {
| if (sizeof (union fpc_csr))
| 	 return 0;
|   ;
|   return 0;
| }
configure:15427: result: no
configure:15440: checking for _Noreturn
configure:15450: gcc -c -Wall -Wmissing-prototypes -Wc++-compat -Wpointer-arith -O2 -fomit-frame-pointer -m64 -mtune=sandybridge -march=sandybridge  conftest.c >&5
configure:15450: $? = 0
configure:15458: result: yes
configure:15466: checking for __builtin_unreachable
configure:15484: gcc -o conftest -Wall -Wmissing-prototypes -Wc++-compat -Wpointer-arith -O2 -fomit-frame-pointer -m64 -mtune=sandybridge -march=sandybridge   conftest.c  >&5
configure:15484: $? = 0
configure:15493: result: yes
configure:15502: checking for constructor and destructor attributes
configure:15524: gcc -o conftest -Wall -Wmissing-prototypes -Wc++-compat -Wpointer-arith -O2 -fomit-frame-pointer -m64 -mtune=sandybridge -march=sandybridge   conftest.c  >&5
configure:15524: $? = 0
configure:15525: result: yes
configure:15543: checking for fesetround
configure:15562: gcc -o conftest -Wall -Wmissing-prototypes -Wc++-compat -Wpointer-arith -O2 -fomit-frame-pointer -m64 -mtune=sandybridge -march=sandybridge   conftest.c  -lm >&5
configure:15562: $? = 0
configure:15572: result: yes
configure:15581: checking for gcc float-conversion bug
configure:15621: gcc -o conftest -Wall -Wmissing-prototypes -Wc++-compat -Wpointer-arith -O2 -fomit-frame-pointer -m64 -mtune=sandybridge -march=sandybridge   conftest.c  -lm >&5
configure:15621: $? = 0
configure:15621: ./conftest
configure:15621: $? = 0
configure:15633: result: no
configure:15640: checking for subnormal double-precision numbers
configure:15660: gcc -o conftest -Wall -Wmissing-prototypes -Wc++-compat -Wpointer-arith -O2 -fomit-frame-pointer -m64 -mtune=sandybridge -march=sandybridge   conftest.c  >&5
configure:15660: $? = 0
configure:15660: ./conftest
1.112537e-308
configure:15660: $? = 0
configure:15671: result: yes
configure:15678: checking for subnormal single-precision numbers
configure:15698: gcc -o conftest -Wall -Wmissing-prototypes -Wc++-compat -Wpointer-arith -O2 -fomit-frame-pointer -m64 -mtune=sandybridge -march=sandybridge   conftest.c  >&5
configure:15698: $? = 0
configure:15698: ./conftest
5.877472e-39
configure:15698: $? = 0
configure:15709: result: yes
configure:15717: checking for signed zeros
configure:15734: gcc -o conftest -Wall -Wmissing-prototypes -Wc++-compat -Wpointer-arith -O2 -fomit-frame-pointer -m64 -mtune=sandybridge -march=sandybridge   conftest.c  >&5
configure:15734: $? = 0
configure:15734: ./conftest
configure:15734: $? = 0
configure:15745: result: yes
configure:15753: checking if the FP division by 0 fails
configure:15774: gcc -o conftest -Wall -Wmissing-prototypes -Wc++-compat -Wpointer-arith -O2 -fomit-frame-pointer -m64 -mtune=sandybridge -march=sandybridge   conftest.c  >&5
configure:15774: $? = 0
configure:15774: ./conftest
configure:15774: $? = 0
configure:15785: result: no
configure:15799: checking if NAN == NAN
configure:15823: gcc -o conftest -Wall -Wmissing-prototypes -Wc++-compat -Wpointer-arith -O2 -fomit-frame-pointer -m64 -mtune=sandybridge -march=sandybridge   conftest.c  >&5
configure:15823: $? = 0
configure:15823: ./conftest
configure:15823: $? = 1
configure: program exited with status 1
configure: failed program was:
| /* confdefs.h */
| #define PACKAGE_NAME "MPFR"
| #define PACKAGE_TARNAME "mpfr"
| #define PACKAGE_VERSION "4.0.2"
| #define PACKAGE_STRING "MPFR 4.0.2"
| #define PACKAGE_BUGREPORT ""
| #define PACKAGE_URL ""
| #define STDC_HEADERS 1
| #define HAVE_SYS_TYPES_H 1
| #define HAVE_SYS_STAT_H 1
| #define HAVE_STDLIB_H 1
| #define HAVE_STRING_H 1
| #define HAVE_MEMORY_H 1
| #define HAVE_STRINGS_H 1
| #define HAVE_INTTYPES_H 1
| #define HAVE_STDINT_H 1
| #define HAVE_UNISTD_H 1
| #define HAVE_DLFCN_H 1
| #define LT_OBJDIR ".libs/"
| #define HAVE_DOUBLE_IEEE_LITTLE_ENDIAN 1
| #define HAVE_LITTLE_ENDIAN 1
| #define TIME_WITH_SYS_TIME 1
| #define HAVE_LOCALE_H 1
| #define HAVE_WCHAR_H 1
| #define HAVE_STDARG 1
| #define HAVE_SYS_TIME_H 1
| #define HAVE_STRUCT_LCONV_DECIMAL_POINT 1
| #define HAVE_STRUCT_LCONV_THOUSANDS_SEP 1
| #define HAVE_ALLOCA_H 1
| #define HAVE_ALLOCA 1
| #define HAVE_VA_COPY 1
| #define HAVE_MEMMOVE 1
| #define HAVE_MEMSET 1
| #define HAVE_SETLOCALE 1
| #define HAVE_STRTOL 1
| #define HAVE_GETTIMEOFDAY 1
| #define HAVE_SIGNAL 1
| #define HAVE_SIGACTION 1
| #define HAVE_LONG_LONG 1
| #define HAVE_INTMAX_T 1
| #define MPFR_HAVE_INTMAX_MAX 1
| #define MPFR_PRINTF_MAXLM "j"
| #define MPFR_HAVE_NORETURN 1
| #define MPFR_HAVE_BUILTIN_UNREACHABLE 1
| #define MPFR_HAVE_CONSTRUCTOR_ATTR 1
| #define MPFR_HAVE_FESETROUND 1
| #define HAVE_DENORMS 1
| #define HAVE_DENORMS_FLT 1
| #define HAVE_SIGNEDZ 1
| /* end confdefs.h.  */
| 
| #include <stdio.h>
| #include <math.h>
| #ifndef NAN
| # define NAN (0.0/0.0)
| #endif
| int main (void) {
|   double d;
|   d = NAN;
|   return d != d;
| }
| 
configure:15834: result: no
configure:15862: checking if charset has consecutive values
configure:15892: gcc -o conftest -Wall -Wmissing-prototypes -Wc++-compat -Wpointer-arith -O2 -fomit-frame-pointer -m64 -mtune=sandybridge -march=sandybridge   conftest.c  >&5
configure:15892: $? = 0
configure:15892: ./conftest
configure:15892: $? = 0
configure:15893: result: yes
configure:15911: checking for math/round
configure:15929: gcc -o conftest -Wall -Wmissing-prototypes -Wc++-compat -Wpointer-arith -O2 -fomit-frame-pointer -m64 -mtune=sandybridge -march=sandybridge   conftest.c  -lm >&5
configure:15929: $? = 0
configure:15931: result: yes
configure:15944: checking for math/trunc
configure:15962: gcc -o conftest -Wall -Wmissing-prototypes -Wc++-compat -Wpointer-arith -O2 -fomit-frame-pointer -m64 -mtune=sandybridge -march=sandybridge   conftest.c  -lm >&5
configure:15962: $? = 0
configure:15964: result: yes
configure:15977: checking for math/floor
configure:15995: gcc -o conftest -Wall -Wmissing-prototypes -Wc++-compat -Wpointer-arith -O2 -fomit-frame-pointer -m64 -mtune=sandybridge -march=sandybridge   conftest.c  -lm >&5
configure:15995: $? = 0
configure:15997: result: yes
configure:16010: checking for math/ceil
configure:16028: gcc -o conftest -Wall -Wmissing-prototypes -Wc++-compat -Wpointer-arith -O2 -fomit-frame-pointer -m64 -mtune=sandybridge -march=sandybridge   conftest.c  -lm >&5
configure:16028: $? = 0
configure:16030: result: yes
configure:16043: checking for math/nearbyint
configure:16061: gcc -o conftest -Wall -Wmissing-prototypes -Wc++-compat -Wpointer-arith -O2 -fomit-frame-pointer -m64 -mtune=sandybridge -march=sandybridge   conftest.c  -lm >&5
configure:16061: $? = 0
configure:16063: result: yes
configure:16076: checking for _mulx_u64
configure:16101: gcc -o conftest -Wall -Wmissing-prototypes -Wc++-compat -Wpointer-arith -O2 -fomit-frame-pointer -m64 -mtune=sandybridge -march=sandybridge   conftest.c  -lm >&5
In file included from /usr/lib/gcc/x86_64-linux-gnu/7/include/immintrin.h:83:0,
                 from conftest.c:57:
conftest.c: In function 'main':
/usr/lib/gcc/x86_64-linux-gnu/7/include/bmi2intrin.h:83:1: error: inlining failed in call to always_inline '_mulx_u64': target specific option mismatch
 _mulx_u64 (unsigned long long __X, unsigned long long __Y,
 ^~~~~~~~~
conftest.c:65:2: note: called from here
  _mulx_u64(-1, -1, &h2);
  ^~~~~~~~~~~~~~~~~~~~~~
In file included from /usr/lib/gcc/x86_64-linux-gnu/7/include/immintrin.h:83:0,
                 from conftest.c:57:
/usr/lib/gcc/x86_64-linux-gnu/7/include/bmi2intrin.h:83:1: error: inlining failed in call to always_inline '_mulx_u64': target specific option mismatch
 _mulx_u64 (unsigned long long __X, unsigned long long __Y,
 ^~~~~~~~~
conftest.c:64:2: note: called from here
  _mulx_u64(17, 42, &h1);
  ^~~~~~~~~~~~~~~~~~~~~~
configure:16101: $? = 1
configure: program exited with status 1
configure: failed program was:
| /* confdefs.h */
| #define PACKAGE_NAME "MPFR"
| #define PACKAGE_TARNAME "mpfr"
| #define PACKAGE_VERSION "4.0.2"
| #define PACKAGE_STRING "MPFR 4.0.2"
| #define PACKAGE_BUGREPORT ""
| #define PACKAGE_URL ""
| #define STDC_HEADERS 1
| #define HAVE_SYS_TYPES_H 1
| #define HAVE_SYS_STAT_H 1
| #define HAVE_STDLIB_H 1
| #define HAVE_STRING_H 1
| #define HAVE_MEMORY_H 1
| #define HAVE_STRINGS_H 1
| #define HAVE_INTTYPES_H 1
| #define HAVE_STDINT_H 1
| #define HAVE_UNISTD_H 1
| #define HAVE_DLFCN_H 1
| #define LT_OBJDIR ".libs/"
| #define HAVE_DOUBLE_IEEE_LITTLE_ENDIAN 1
| #define HAVE_LITTLE_ENDIAN 1
| #define TIME_WITH_SYS_TIME 1
| #define HAVE_LOCALE_H 1
| #define HAVE_WCHAR_H 1
| #define HAVE_STDARG 1
| #define HAVE_SYS_TIME_H 1
| #define HAVE_STRUCT_LCONV_DECIMAL_POINT 1
| #define HAVE_STRUCT_LCONV_THOUSANDS_SEP 1
| #define HAVE_ALLOCA_H 1
| #define HAVE_ALLOCA 1
| #define HAVE_VA_COPY 1
| #define HAVE_MEMMOVE 1
| #define HAVE_MEMSET 1
| #define HAVE_SETLOCALE 1
| #define HAVE_STRTOL 1
| #define HAVE_GETTIMEOFDAY 1
| #define HAVE_SIGNAL 1
| #define HAVE_SIGACTION 1
| #define HAVE_LONG_LONG 1
| #define HAVE_INTMAX_T 1
| #define MPFR_HAVE_INTMAX_MAX 1
| #define MPFR_PRINTF_MAXLM "j"
| #define MPFR_HAVE_NORETURN 1
| #define MPFR_HAVE_BUILTIN_UNREACHABLE 1
| #define MPFR_HAVE_CONSTRUCTOR_ATTR 1
| #define MPFR_HAVE_FESETROUND 1
| #define HAVE_DENORMS 1
| #define HAVE_DENORMS_FLT 1
| #define HAVE_SIGNEDZ 1
| #define HAVE_ROUND 1
| #define HAVE_TRUNC 1
| #define HAVE_FLOOR 1
| #define HAVE_CEIL 1
| #define HAVE_NEARBYINT 1
| /* end confdefs.h.  */
| 
| #include <immintrin.h>
| 
| int
| main (void)
| {
| 
|  unsigned long long h1, h2;
|  _mulx_u64(17, 42, &h1);
|  _mulx_u64(-1, -1, &h2);
|  return h1 == 0 && h2 == -2 ? 0 : 1;
| 
|   ;
|   return 0;
| }
configure:16109: result: no
configure:16123: checking for long double
configure:16123: gcc -c -Wall -Wmissing-prototypes -Wc++-compat -Wpointer-arith -O2 -fomit-frame-pointer -m64 -mtune=sandybridge -march=sandybridge  conftest.c >&5
configure:16123: $? = 0
configure:16123: gcc -c -Wall -Wmissing-prototypes -Wc++-compat -Wpointer-arith -O2 -fomit-frame-pointer -m64 -mtune=sandybridge -march=sandybridge  conftest.c >&5
conftest.c: In function 'main':
conftest.c:92:26: error: expected expression before ')' token
 if (sizeof ((long double)))
                          ^
configure:16123: $? = 1
configure: failed program was:
| /* confdefs.h */
| #define PACKAGE_NAME "MPFR"
| #define PACKAGE_TARNAME "mpfr"
| #define PACKAGE_VERSION "4.0.2"
| #define PACKAGE_STRING "MPFR 4.0.2"
| #define PACKAGE_BUGREPORT ""
| #define PACKAGE_URL ""
| #define STDC_HEADERS 1
| #define HAVE_SYS_TYPES_H 1
| #define HAVE_SYS_STAT_H 1
| #define HAVE_STDLIB_H 1
| #define HAVE_STRING_H 1
| #define HAVE_MEMORY_H 1
| #define HAVE_STRINGS_H 1
| #define HAVE_INTTYPES_H 1
| #define HAVE_STDINT_H 1
| #define HAVE_UNISTD_H 1
| #define HAVE_DLFCN_H 1
| #define LT_OBJDIR ".libs/"
| #define HAVE_DOUBLE_IEEE_LITTLE_ENDIAN 1
| #define HAVE_LITTLE_ENDIAN 1
| #define TIME_WITH_SYS_TIME 1
| #define HAVE_LOCALE_H 1
| #define HAVE_WCHAR_H 1
| #define HAVE_STDARG 1
| #define HAVE_SYS_TIME_H 1
| #define HAVE_STRUCT_LCONV_DECIMAL_POINT 1
| #define HAVE_STRUCT_LCONV_THOUSANDS_SEP 1
| #define HAVE_ALLOCA_H 1
| #define HAVE_ALLOCA 1
| #define HAVE_VA_COPY 1
| #define HAVE_MEMMOVE 1
| #define HAVE_MEMSET 1
| #define HAVE_SETLOCALE 1
| #define HAVE_STRTOL 1
| #define HAVE_GETTIMEOFDAY 1
| #define HAVE_SIGNAL 1
| #define HAVE_SIGACTION 1
| #define HAVE_LONG_LONG 1
| #define HAVE_INTMAX_T 1
| #define MPFR_HAVE_INTMAX_MAX 1
| #define MPFR_PRINTF_MAXLM "j"
| #define MPFR_HAVE_NORETURN 1
| #define MPFR_HAVE_BUILTIN_UNREACHABLE 1
| #define MPFR_HAVE_CONSTRUCTOR_ATTR 1
| #define MPFR_HAVE_FESETROUND 1
| #define HAVE_DENORMS 1
| #define HAVE_DENORMS_FLT 1
| #define HAVE_SIGNEDZ 1
| #define HAVE_ROUND 1
| #define HAVE_TRUNC 1
| #define HAVE_FLOOR 1
| #define HAVE_CEIL 1
| #define HAVE_NEARBYINT 1
| /* end confdefs.h.  */
| #include <stdio.h>
| #ifdef HAVE_SYS_TYPES_H
| # include <sys/types.h>
| #endif
| #ifdef HAVE_SYS_STAT_H
| # include <sys/stat.h>
| #endif
| #ifdef STDC_HEADERS
| # include <stdlib.h>
| # include <stddef.h>
| #else
| # ifdef HAVE_STDLIB_H
| #  include <stdlib.h>
| # endif
| #endif
| #ifdef HAVE_STRING_H
| # if !defined STDC_HEADERS && defined HAVE_MEMORY_H
| #  include <memory.h>
| # endif
| # include <string.h>
| #endif
| #ifdef HAVE_STRINGS_H
| # include <strings.h>
| #endif
| #ifdef HAVE_INTTYPES_H
| # include <inttypes.h>
| #endif
| #ifdef HAVE_STDINT_H
| # include <stdint.h>
| #endif
| #ifdef HAVE_UNISTD_H
| # include <unistd.h>
| #endif
| int
| main (void)
| {
| if (sizeof ((long double)))
| 	    return 0;
|   ;
|   return 0;
| }
configure:16123: result: yes
configure:16133: checking format of `long double' floating point
configure:16162: gcc -Wall -Wmissing-prototypes -Wc++-compat -Wpointer-arith -O2 -fomit-frame-pointer -m64 -mtune=sandybridge -march=sandybridge  -c conftest.c >&5 2>&1
configure:16165: $? = 0
configure:16460: result: IEEE extended, little endian
configure:16520: checking for TLS support using C11
configure:16541: gcc -o conftest -Wall -Wmissing-prototypes -Wc++-compat -Wpointer-arith -O2 -fomit-frame-pointer -m64 -mtune=sandybridge -march=sandybridge  -I./src  conftest.c  >&5
configure:16541: $? = 0
configure:16541: ./conftest
configure:16541: $? = 0
configure:16542: result: yes
configure:16620: checking if compiler knows _Decimal64
configure:16633: gcc -c -Wall -Wmissing-prototypes -Wc++-compat -Wpointer-arith -O2 -fomit-frame-pointer -m64 -mtune=sandybridge -march=sandybridge  conftest.c >&5
configure:16633: $? = 0
configure:16634: result: yes
configure:16636: checking decimal float format
configure:16667: gcc -o conftest -Wall -Wmissing-prototypes -Wc++-compat -Wpointer-arith -O2 -fomit-frame-pointer -m64 -mtune=sandybridge -march=sandybridge   conftest.c  >&5
configure:16667: $? = 0
configure:16667: ./conftest
configure:16667: $? = 81
configure: program exited with status 81
configure: failed program was:
| /* confdefs.h */
| #define PACKAGE_NAME "MPFR"
| #define PACKAGE_TARNAME "mpfr"
| #define PACKAGE_VERSION "4.0.2"
| #define PACKAGE_STRING "MPFR 4.0.2"
| #define PACKAGE_BUGREPORT ""
| #define PACKAGE_URL ""
| #define STDC_HEADERS 1
| #define HAVE_SYS_TYPES_H 1
| #define HAVE_SYS_STAT_H 1
| #define HAVE_STDLIB_H 1
| #define HAVE_STRING_H 1
| #define HAVE_MEMORY_H 1
| #define HAVE_STRINGS_H 1
| #define HAVE_INTTYPES_H 1
| #define HAVE_STDINT_H 1
| #define HAVE_UNISTD_H 1
| #define HAVE_DLFCN_H 1
| #define LT_OBJDIR ".libs/"
| #define HAVE_DOUBLE_IEEE_LITTLE_ENDIAN 1
| #define HAVE_LITTLE_ENDIAN 1
| #define TIME_WITH_SYS_TIME 1
| #define HAVE_LOCALE_H 1
| #define HAVE_WCHAR_H 1
| #define HAVE_STDARG 1
| #define HAVE_SYS_TIME_H 1
| #define HAVE_STRUCT_LCONV_DECIMAL_POINT 1
| #define HAVE_STRUCT_LCONV_THOUSANDS_SEP 1
| #define HAVE_ALLOCA_H 1
| #define HAVE_ALLOCA 1
| #define HAVE_VA_COPY 1
| #define HAVE_MEMMOVE 1
| #define HAVE_MEMSET 1
| #define HAVE_SETLOCALE 1
| #define HAVE_STRTOL 1
| #define HAVE_GETTIMEOFDAY 1
| #define HAVE_SIGNAL 1
| #define HAVE_SIGACTION 1
| #define HAVE_LONG_LONG 1
| #define HAVE_INTMAX_T 1
| #define MPFR_HAVE_INTMAX_MAX 1
| #define MPFR_PRINTF_MAXLM "j"
| #define MPFR_HAVE_NORETURN 1
| #define MPFR_HAVE_BUILTIN_UNREACHABLE 1
| #define MPFR_HAVE_CONSTRUCTOR_ATTR 1
| #define MPFR_HAVE_FESETROUND 1
| #define HAVE_DENORMS 1
| #define HAVE_DENORMS_FLT 1
| #define HAVE_SIGNEDZ 1
| #define HAVE_ROUND 1
| #define HAVE_TRUNC 1
| #define HAVE_FLOOR 1
| #define HAVE_CEIL 1
| #define HAVE_NEARBYINT 1
| #define HAVE_LONG_DOUBLE 1
| #define HAVE_LDOUBLE_IEEE_EXT_LITTLE 1
| #define MPFR_USE_THREAD_SAFE 1
| #define MPFR_USE_C11_THREAD_SAFE 1
| /* end confdefs.h.  */
| 
| #include <stdlib.h>
| 
| int
| main (void)
| {
| 
| volatile _Decimal64 x = 1;
| union { double d; _Decimal64 d64; } y;
| if (x != x) return 83;
| y.d64 = 1234567890123456.0dd;
| return y.d == 0.14894469406741037E-123 ? 80 :
|        y.d == 0.59075095508629822E-68  ? 81 : 82;
| 
|   ;
|   return 0;
| }
configure:16685: result: BID
configure:16721: checking if __float128 with hex constants is supported
configure:16737: gcc -o conftest -Wall -Wmissing-prototypes -Wc++-compat -Wpointer-arith -O2 -fomit-frame-pointer -m64 -mtune=sandybridge -march=sandybridge   conftest.c  >&5
configure:16737: $? = 0
configure:16738: result: yes
configure:16755: checking for Static Assertion support
configure:16778: gcc -c -Wall -Wmissing-prototypes -Wc++-compat -Wpointer-arith -O2 -fomit-frame-pointer -m64 -mtune=sandybridge -march=sandybridge  -I./src conftest.c >&5
configure:16778: $? = 0
configure:16779: result: yes
configure:16868: checking for library containing clock_gettime
configure:16899: gcc -o conftest -Wall -Wmissing-prototypes -Wc++-compat -Wpointer-arith -O2 -fomit-frame-pointer -m64 -mtune=sandybridge -march=sandybridge   conftest.c  >&5
configure:16899: $? = 0
configure:16916: result: none required
configure:16932: checking for gmp.h
configure:16940: gcc -c -Wall -Wmissing-prototypes -Wc++-compat -Wpointer-arith -O2 -fomit-frame-pointer -m64 -mtune=sandybridge -march=sandybridge  conftest.c >&5
configure:16940: $? = 0
configure:16941: result: yes
configure:17049: checking whether gcc __attribute__ ((mode (XX))) works
configure:17065: gcc -c -Wall -Wmissing-prototypes -Wc++-compat -Wpointer-arith -O2 -fomit-frame-pointer -m64 -mtune=sandybridge -march=sandybridge  conftest.c >&5
configure:17065: $? = 0
configure:17073: result: yes
configure:17085: checking for recent GMP
configure:17097: gcc -c -Wall -Wmissing-prototypes -Wc++-compat -Wpointer-arith -O2 -fomit-frame-pointer -m64 -mtune=sandybridge -march=sandybridge  conftest.c >&5
configure:17097: $? = 0
configure:17098: result: yes
configure:17110: checking usable gmp.h at link time
configure:17125: gcc -o conftest -Wall -Wmissing-prototypes -Wc++-compat -Wpointer-arith -O2 -fomit-frame-pointer -m64 -mtune=sandybridge -march=sandybridge   conftest.c  >&5
configure:17125: $? = 0
configure:17126: result: yes
configure:17166: checking for GMP_NUMB_BITS and sizeof(mp_limb_t) consistency
configure:17195: gcc -o conftest -Wall -Wmissing-prototypes -Wc++-compat -Wpointer-arith -O2 -fomit-frame-pointer -m64 -mtune=sandybridge -march=sandybridge   conftest.c  >&5
configure:17195: $? = 0
configure:17195: ./conftest
configure:17195: $? = 0
configure:17196: result: yes
configure:17212: checking for __gmpz_init in -lgmp
configure:17237: gcc -o conftest -Wall -Wmissing-prototypes -Wc++-compat -Wpointer-arith -O2 -fomit-frame-pointer -m64 -mtune=sandybridge -march=sandybridge   conftest.c -lgmp   >&5
configure:17237: $? = 0
configure:17247: result: yes
configure:17257: checking if gmp.h version and libgmp version are the same
configure:17297: gcc -o conftest -Wall -Wmissing-prototypes -Wc++-compat -Wpointer-arith -O2 -fomit-frame-pointer -m64 -mtune=sandybridge -march=sandybridge   conftest.c -lgmp  >&5
configure:17297: $? = 0
configure:17297: ./conftest
gmp.h: 6.1.2 / libgmp: 6.1.2
configure:17297: $? = 0
configure:17298: result: yes
configure:17301: checking for GMP library vs header correctness
configure:17346: gcc -o conftest -Wall -Wmissing-prototypes -Wc++-compat -Wpointer-arith -O2 -fomit-frame-pointer -m64 -mtune=sandybridge -march=sandybridge   conftest.c -lgmp  >&5
configure:17346: $? = 0
configure:17346: ./conftest
GMP_NAIL_BITS     = 0
GMP_NUMB_BITS     = 64
mp_bits_per_limb  = 64
sizeof(mp_limb_t) = 8
configure:17346: $? = 0
configure:17357: result: yes
configure:17366: checking for double-to-integer conversion bug
configure:17404: gcc -o conftest -Wall -Wmissing-prototypes -Wc++-compat -Wpointer-arith -O2 -fomit-frame-pointer -m64 -mtune=sandybridge -march=sandybridge   conftest.c -lgmp  >&5
configure:17404: $? = 0
configure:17404: ./conftest
configure:17404: $? = 0
configure:17415: result: no
configure:17426: checking if gmp_printf supports "%jd"
configure:17462: gcc -o conftest -Wall -Wmissing-prototypes -Wc++-compat -Wpointer-arith -O2 -fomit-frame-pointer -m64 -mtune=sandybridge -march=sandybridge   conftest.c -lgmp  >&5
configure:17462: $? = 0
configure:17462: ./conftest
configure:17462: $? = 0
configure:17463: result: yes
configure:17481: checking if gmp_printf supports "%hhd"
configure:17512: gcc -o conftest -Wall -Wmissing-prototypes -Wc++-compat -Wpointer-arith -O2 -fomit-frame-pointer -m64 -mtune=sandybridge -march=sandybridge   conftest.c -lgmp  >&5
configure:17512: $? = 0
configure:17512: ./conftest
configure:17512: $? = 0
configure:17513: result: yes
configure:17530: checking if gmp_printf supports "%lld"
configure:17561: gcc -o conftest -Wall -Wmissing-prototypes -Wc++-compat -Wpointer-arith -O2 -fomit-frame-pointer -m64 -mtune=sandybridge -march=sandybridge   conftest.c -lgmp  >&5
configure:17561: $? = 0
configure:17561: ./conftest
configure:17561: $? = 0
configure:17562: result: yes
configure:17579: checking if gmp_printf supports "%Lf"
configure:17612: gcc -o conftest -Wall -Wmissing-prototypes -Wc++-compat -Wpointer-arith -O2 -fomit-frame-pointer -m64 -mtune=sandybridge -march=sandybridge   conftest.c -lgmp  >&5
configure:17612: $? = 0
configure:17612: ./conftest
configure:17612: $? = 0
configure:17613: result: yes
configure:17632: checking if gmp_printf supports "%td"
configure:17670: gcc -o conftest -Wall -Wmissing-prototypes -Wc++-compat -Wpointer-arith -O2 -fomit-frame-pointer -m64 -mtune=sandybridge -march=sandybridge   conftest.c -lgmp  >&5
configure:17670: $? = 0
configure:17670: ./conftest
configure:17670: $? = 0
configure:17671: result: yes
configure:17690: checking if gmp_printf supports the ' group flag
configure:17715: gcc -o conftest -Wall -Wmissing-prototypes -Wc++-compat -Wpointer-arith -O2 -fomit-frame-pointer -m64 -mtune=sandybridge -march=sandybridge   conftest.c -lgmp  >&5
configure:17715: $? = 0
configure:17715: ./conftest
configure:17715: $? = 0
configure:17716: result: yes
configure:17776: checking for __gmpn_sbpi1_divappr_q
configure:17776: gcc -o conftest -Wall -Wmissing-prototypes -Wc++-compat -Wpointer-arith -O2 -fomit-frame-pointer -m64 -mtune=sandybridge -march=sandybridge   conftest.c -lgmp  >&5
configure:17776: $? = 0
configure:17776: result: yes
configure:17787: checking for __gmpn_invert_limb
configure:17787: gcc -o conftest -Wall -Wmissing-prototypes -Wc++-compat -Wpointer-arith -O2 -fomit-frame-pointer -m64 -mtune=sandybridge -march=sandybridge   conftest.c -lgmp  >&5
configure:17787: $? = 0
configure:17787: result: yes
configure:17798: checking for __gmpn_rsblsh_n
configure:17798: gcc -o conftest -Wall -Wmissing-prototypes -Wc++-compat -Wpointer-arith -O2 -fomit-frame-pointer -m64 -mtune=sandybridge -march=sandybridge   conftest.c -lgmp  >&5
configure:17798: $? = 0
configure:17798: result: yes
configure:17810: checking for long to fit in mp_limb_t
configure:17835: gcc -c -Wall -Wmissing-prototypes -Wc++-compat -Wpointer-arith -O2 -fomit-frame-pointer -m64 -mtune=sandybridge -march=sandybridge  -I./src conftest.c >&5
configure:17835: $? = 0
configure:17843: result: yes
configure:17856: checking for getrusage
configure:17856: gcc -o conftest -Wall -Wmissing-prototypes -Wc++-compat -Wpointer-arith -O2 -fomit-frame-pointer -m64 -mtune=sandybridge -march=sandybridge   conftest.c -lgmp  >&5
configure:17856: $? = 0
configure:17856: result: yes
configure:18039: checking that generated files are newer than configure
configure:18045: result: done
configure:18072: creating ./config.status

## ---------------------- ##
## Running config.status. ##
## ---------------------- ##

This file was extended by MPFR config.status 4.0.2, which was
generated by GNU Autoconf 2.69.  Invocation command line was

  CONFIG_FILES    = 
  CONFIG_HEADERS  = 
  CONFIG_LINKS    = 
  CONFIG_COMMANDS = 
  $ ./config.status 

on liris-stg-r03-001

config.status:1034: creating Makefile
config.status:1034: creating mpfr.pc
config.status:1034: creating doc/Makefile
config.status:1034: creating src/Makefile
config.status:1034: creating tests/Makefile
config.status:1034: creating tune/Makefile
config.status:1034: creating src/mparam.h
config.status:1034: creating tools/bench/Makefile
config.status:1206: executing depfiles commands
config.status:1283: cd src       && sed -e '/# am--include-marker/d' Makefile         | make -f - am--depfiles
make: Nothing to be done for 'am--depfiles'.
config.status:1288: $? = 0
config.status:1283: cd tests       && sed -e '/# am--include-marker/d' Makefile         | make -f - am--depfiles
make: Nothing to be done for 'am--depfiles'.
config.status:1288: $? = 0
config.status:1283: cd tune       && sed -e '/# am--include-marker/d' Makefile         | make -f - am--depfiles
make: Nothing to be done for 'am--depfiles'.
config.status:1288: $? = 0
config.status:1283: cd tools/bench       && sed -e '/# am--include-marker/d' Makefile         | make -f - am--depfiles
make: Nothing to be done for 'am--depfiles'.
config.status:1288: $? = 0
config.status:1206: executing libtool commands

## ---------------- ##
## Cache variables. ##
## ---------------- ##

ac_cv_build=x86_64-pc-linux-gnu
ac_cv_c_bigendian=no
ac_cv_c_compiler_gnu=yes
ac_cv_c_const=yes
ac_cv_c_volatile=yes
ac_cv_env_CC_set=
ac_cv_env_CC_value=
ac_cv_env_CFLAGS_set=
ac_cv_env_CFLAGS_value=
ac_cv_env_CPPFLAGS_set=
ac_cv_env_CPPFLAGS_value=
ac_cv_env_CPP_set=
ac_cv_env_CPP_value=
ac_cv_env_LDFLAGS_set=
ac_cv_env_LDFLAGS_value=
ac_cv_env_LIBS_set=
ac_cv_env_LIBS_value=
ac_cv_env_LT_SYS_LIBRARY_PATH_set=
ac_cv_env_LT_SYS_LIBRARY_PATH_value=
ac_cv_env_build_alias_set=
ac_cv_env_build_alias_value=
ac_cv_env_host_alias_set=
ac_cv_env_host_alias_value=
ac_cv_env_target_alias_set=
ac_cv_env_target_alias_value=
ac_cv_func___gmpn_invert_limb=yes
ac_cv_func___gmpn_rsblsh_n=yes
ac_cv_func___gmpn_sbpi1_divappr_q=yes
ac_cv_func_alloca_works=yes
ac_cv_func_getrusage=yes
ac_cv_func_gettimeofday=yes
ac_cv_func_memmove=yes
ac_cv_func_memset=yes
ac_cv_func_setlocale=yes
ac_cv_func_signal=yes
ac_cv_func_strtol=yes
ac_cv_header_dlfcn_h=yes
ac_cv_header_float_h=yes
ac_cv_header_inttypes_h=yes
ac_cv_header_limits_h=yes
ac_cv_header_locale_h=yes
ac_cv_header_memory_h=yes
ac_cv_header_stdarg_h=yes
ac_cv_header_stdc=yes
ac_cv_header_stdint_h=yes
ac_cv_header_stdlib_h=yes
ac_cv_header_string_h=yes
ac_cv_header_strings_h=yes
ac_cv_header_sys_fpu_h=no
ac_cv_header_sys_stat_h=yes
ac_cv_header_sys_time_h=yes
ac_cv_header_sys_types_h=yes
ac_cv_header_time=yes
ac_cv_header_unistd_h=yes
ac_cv_header_wchar_h=yes
ac_cv_host=x86_64-pc-linux-gnu
ac_cv_lib_gmp___gmpz_init=yes
ac_cv_lib_m_main=yes
ac_cv_lib_quadmath_main=yes
ac_cv_member_struct_lconv_decimal_point=yes
ac_cv_member_struct_lconv_thousands_sep=yes
ac_cv_objext=o
ac_cv_path_EGREP='/bin/grep -E'
ac_cv_path_FGREP='/bin/grep -F'
ac_cv_path_GREP=/bin/grep
ac_cv_path_SED=/bin/sed
ac_cv_path_install='/usr/bin/install -c'
ac_cv_path_lt_DD=/bin/dd
ac_cv_path_mkdir=/bin/mkdir
ac_cv_prog_AWK=mawk
ac_cv_prog_CPP='gcc -E'
ac_cv_prog_ac_ct_AR=ar
ac_cv_prog_ac_ct_CC=gcc
ac_cv_prog_ac_ct_MANIFEST_TOOL=mt
ac_cv_prog_ac_ct_OBJDUMP=objdump
ac_cv_prog_ac_ct_RANLIB=ranlib
ac_cv_prog_ac_ct_STRIP=strip
ac_cv_prog_cc_c89=
ac_cv_prog_cc_g=yes
ac_cv_prog_make_make_set=yes
ac_cv_search_clock_gettime='none required'
ac_cv_type_intmax_t=yes
ac_cv_type_long_double=yes
ac_cv_type_long_long_int=yes
ac_cv_type_size_t=yes
ac_cv_type_union_fpc_csr=no
ac_cv_working_alloca_h=yes
am_cv_CC_dependencies_compiler_type=gcc3
am_cv_ar_interface=ar
am_cv_make_support_nested_variables=yes
am_cv_prog_cc_c_o=yes
gmp_cv_c_attribute_mode=yes
lt_cv_ar_at_file=@
lt_cv_archive_cmds_need_lc=no
lt_cv_deplibs_check_method=pass_all
lt_cv_file_magic_cmd='$MAGIC_CMD'
lt_cv_file_magic_test_file=
lt_cv_ld_reload_flag=-r
lt_cv_nm_interface='BSD nm'
lt_cv_objdir=.libs
lt_cv_path_LD=/usr/bin/ld
lt_cv_path_NM='/usr/bin/nm -B'
lt_cv_path_mainfest_tool=no
lt_cv_prog_compiler_c_o=yes
lt_cv_prog_compiler_pic='-fPIC -DPIC'
lt_cv_prog_compiler_pic_works=yes
lt_cv_prog_compiler_rtti_exceptions=no
lt_cv_prog_compiler_static_works=yes
lt_cv_prog_gnu_ld=yes
lt_cv_sharedlib_from_linklib_cmd='printf %s\n'
lt_cv_shlibpath_overrides_runpath=yes
lt_cv_sys_global_symbol_pipe='sed -n -e '\''s/^.*[	 ]\([ABCDGIRSTW][ABCDGIRSTW]*\)[	 ][	 ]*\([_A-Za-z][_A-Za-z0-9]*\)$/\1 \2 \2/p'\'' | sed '\''/ __gnu_lto/d'\'''
lt_cv_sys_global_symbol_to_c_name_address='sed -n -e '\''s/^: \(.*\) .*$/  {"\1", (void *) 0},/p'\'' -e '\''s/^[ABCDGIRSTW][ABCDGIRSTW]* .* \(.*\)$/  {"\1", (void *) \&\1},/p'\'''
lt_cv_sys_global_symbol_to_c_name_address_lib_prefix='sed -n -e '\''s/^: \(.*\) .*$/  {"\1", (void *) 0},/p'\'' -e '\''s/^[ABCDGIRSTW][ABCDGIRSTW]* .* \(lib.*\)$/  {"\1", (void *) \&\1},/p'\'' -e '\''s/^[ABCDGIRSTW][ABCDGIRSTW]* .* \(.*\)$/  {"lib\1", (void *) \&\1},/p'\'''
lt_cv_sys_global_symbol_to_cdecl='sed -n -e '\''s/^T .* \(.*\)$/extern int \1();/p'\'' -e '\''s/^[ABCDGIRSTW][ABCDGIRSTW]* .* \(.*\)$/extern char \1;/p'\'''
lt_cv_sys_global_symbol_to_import=
lt_cv_sys_max_cmd_len=1572864
lt_cv_to_host_file_cmd=func_convert_file_noop
lt_cv_to_tool_file_cmd=func_convert_file_noop
lt_cv_truncate_bin='/bin/dd bs=4096 count=1'
mpfr_cv_c_long_double_format='IEEE extended, little endian'
mpfr_cv_check_gmp=yes
mpfr_cv_dbl_int_bug=no
mpfr_cv_errdivzero=no
mpfr_cv_gcc_floatconv_bug=no
mpfr_cv_have_builtin_unreachable=yes
mpfr_cv_have_denorms=yes
mpfr_cv_have_denorms_flt=yes
mpfr_cv_have_fesetround=yes
mpfr_cv_have_intmax_max=yes
mpfr_cv_have_noreturn=yes
mpfr_cv_have_signedz=yes
mpfr_cv_long_within_limb=yes
mpfr_cv_nanisnan=no
mpfr_cv_printf_maxlm=j

## ----------------- ##
## Output variables. ##
## ----------------- ##

ACLOCAL='${SHELL} /home/st/Bureau/DPPML/includes/mpfr-4.0.2/missing aclocal-1.16'
ALLOCA=''
AMDEPBACKSLASH='\'
AMDEP_FALSE='#'
AMDEP_TRUE=''
AMTAR='$${TAR-tar}'
AM_BACKSLASH='\'
AM_DEFAULT_V='$(AM_DEFAULT_VERBOSITY)'
AM_DEFAULT_VERBOSITY='1'
AM_V='$(V)'
AR='ar'
AS='as'
AUTOCONF='${SHELL} /home/st/Bureau/DPPML/includes/mpfr-4.0.2/missing autoconf'
AUTOHEADER='${SHELL} /home/st/Bureau/DPPML/includes/mpfr-4.0.2/missing autoheader'
AUTOMAKE='${SHELL} /home/st/Bureau/DPPML/includes/mpfr-4.0.2/missing automake-1.16'
AWK='mawk'
CC='gcc'
CCDEPMODE='depmode=gcc3'
CFLAGS='-Wall -Wmissing-prototypes -Wc++-compat -Wpointer-arith -O2 -fomit-frame-pointer -m64 -mtune=sandybridge -march=sandybridge'
CPP='gcc -E'
CPPFLAGS=''
CYGPATH_W='echo'
DATAFILES=''
DEFS='-DHAVE_INTTYPES_H=1 -DHAVE_STDINT_H=1 -DLT_OBJDIR=\".libs/\" -DHAVE_DOUBLE_IEEE_LITTLE_ENDIAN=1 -DHAVE_LITTLE_ENDIAN=1 -DTIME_WITH_SYS_TIME=1 -DHAVE_LOCALE_H=1 -DHAVE_WCHAR_H=1 -DHAVE_STDARG=1 -DHAVE_SYS_TIME_H=1 -DHAVE_STRUCT_LCONV_DECIMAL_POINT=1 -DHAVE_STRUCT_LCONV_THOUSANDS_SEP=1 -DHAVE_ALLOCA_H=1 -DHAVE_VA_COPY=1 -DHAVE_SETLOCALE=1 -DHAVE_GETTIMEOFDAY=1 -DHAVE_SIGNAL=1 -DHAVE_SIGACTION=1 -DHAVE_LONG_LONG=1 -DHAVE_INTMAX_T=1 -DMPFR_HAVE_INTMAX_MAX=1 -DMPFR_PRINTF_MAXLM=\"j\" -DMPFR_HAVE_NORETURN=1 -DMPFR_HAVE_BUILTIN_UNREACHABLE=1 -DMPFR_HAVE_CONSTRUCTOR_ATTR=1 -DMPFR_HAVE_FESETROUND=1 -DHAVE_DENORMS=1 -DHAVE_DENORMS_FLT=1 -DHAVE_SIGNEDZ=1 -DHAVE_ROUND=1 -DHAVE_TRUNC=1 -DHAVE_FLOOR=1 -DHAVE_CEIL=1 -DHAVE_NEARBYINT=1 -DHAVE_LDOUBLE_IEEE_EXT_LITTLE=1 -DMPFR_USE_THREAD_SAFE=1 -DMPFR_USE_C11_THREAD_SAFE=1 -DMPFR_WANT_DECIMAL_FLOATS=1 -DMPFR_WANT_FLOAT128=1 -DMPFR_USE_STATIC_ASSERT=1 -DHAVE_CLOCK_GETTIME=1 -DHAVE_ATTRIBUTE_MODE=1 -DPRINTF_L=1 -DPRINTF_T=1 -DPRINTF_GROUPFLAG=1 -DHAVE___GMPN_SBPI1_DIVAPPR_Q=1 -DHAVE___GMPN_INVERT_LIMB=1 -DHAVE___GMPN_RSBLSH_N=1 -DMPFR_LONG_WITHIN_LIMB=1 -DHAVE_GETRUSAGE=1'
DEPDIR='.deps'
DLLTOOL='false'
DSYMUTIL=''
DUMPBIN=''
ECHO_C=''
ECHO_N='-n'
ECHO_T=''
EGREP='/bin/grep -E'
EXEEXT=''
FGREP='/bin/grep -F'
GREP='/bin/grep'
INSTALL_DATA='${INSTALL} -m 644'
INSTALL_PROGRAM='${INSTALL}'
INSTALL_SCRIPT='${INSTALL}'
INSTALL_STRIP_PROGRAM='$(install_sh) -c -s'
LD='/usr/bin/ld -m elf_x86_64'
LDFLAGS=''
LIBMPFR_LDFLAGS=''
LIBOBJS=''
LIBS='-lgmp '
LIBTOOL='$(SHELL) $(top_builddir)/libtool'
LIPO=''
LN_S='ln -s'
LTLIBOBJS=''
LT_SYS_LIBRARY_PATH=''
MAINT=''
MAINTAINER_MODE_FALSE='#'
MAINTAINER_MODE_TRUE=''
MAKEINFO='${SHELL} /home/st/Bureau/DPPML/includes/mpfr-4.0.2/missing makeinfo'
MANIFEST_TOOL=':'
MKDIR_P='/bin/mkdir -p'
MPFR_LDFLAGS=''
MPFR_LIBM='-lm'
MPFR_LIBQUADMATH='-lquadmath'
NM='/usr/bin/nm -B'
NMEDIT=''
OBJDUMP='objdump'
OBJEXT='o'
OTOOL64=''
OTOOL=''
PACKAGE='mpfr'
PACKAGE_BUGREPORT=''
PACKAGE_NAME='MPFR'
PACKAGE_STRING='MPFR 4.0.2'
PACKAGE_TARNAME='mpfr'
PACKAGE_URL=''
PACKAGE_VERSION='4.0.2'
PATH_SEPARATOR=':'
PTHREAD_CC=''
PTHREAD_CFLAGS=''
PTHREAD_LIBS=''
RANLIB='ranlib'
SED='/bin/sed'
SET_MAKE=''
SHELL='/bin/bash'
STRIP='strip'
TUNE_LIBS=''
VERSION='4.0.2'
ac_ct_AR='ar'
ac_ct_CC='gcc'
ac_ct_DUMPBIN=''
am__EXEEXT_FALSE=''
am__EXEEXT_TRUE='#'
am__fastdepCC_FALSE='#'
am__fastdepCC_TRUE=''
am__include='include'
am__isrc=''
am__leading_dot='.'
am__nodep='_no'
am__quote=''
am__tar='$${TAR-tar} chof - "$$tardir"'
am__untar='$${TAR-tar} xf -'
ax_pthread_config=''
bindir='${exec_prefix}/bin'
build='x86_64-pc-linux-gnu'
build_alias=''
build_cpu='x86_64'
build_os='linux-gnu'
build_vendor='pc'
datadir='${datarootdir}'
datarootdir='${prefix}/share'
docdir='${datarootdir}/doc/${PACKAGE_TARNAME}'
dvidir='${docdir}'
exec_prefix='${prefix}'
host='x86_64-pc-linux-gnu'
host_alias=''
host_cpu='x86_64'
host_os='linux-gnu'
host_vendor='pc'
htmldir='${docdir}'
includedir='${prefix}/include'
infodir='${datarootdir}/info'
install_sh='${SHELL} /home/st/Bureau/DPPML/includes/mpfr-4.0.2/install-sh'
libdir='${exec_prefix}/lib'
libexecdir='${exec_prefix}/libexec'
localedir='${datarootdir}/locale'
localstatedir='${prefix}/var'
mandir='${datarootdir}/man'
mkdir_p='$(MKDIR_P)'
oldincludedir='/usr/include'
pdfdir='${docdir}'
prefix='/usr/local'
program_transform_name='s,x,x,'
psdir='${docdir}'
runstatedir='${localstatedir}/run'
sbindir='${exec_prefix}/sbin'
sharedstatedir='${prefix}/com'
sysconfdir='${prefix}/etc'
target_alias=''

## ----------- ##
## confdefs.h. ##
## ----------- ##

/* confdefs.h */
#define HAVE_INTTYPES_H 1
#define HAVE_STDINT_H 1
#define LT_OBJDIR ".libs/"
#define HAVE_DOUBLE_IEEE_LITTLE_ENDIAN 1
#define HAVE_LITTLE_ENDIAN 1
#define TIME_WITH_SYS_TIME 1
#define HAVE_LOCALE_H 1
#define HAVE_WCHAR_H 1
#define HAVE_STDARG 1
#define HAVE_SYS_TIME_H 1
#define HAVE_STRUCT_LCONV_DECIMAL_POINT 1
#define HAVE_STRUCT_LCONV_THOUSANDS_SEP 1
#define HAVE_ALLOCA_H 1
#define HAVE_VA_COPY 1
#define HAVE_SETLOCALE 1
#define HAVE_GETTIMEOFDAY 1
#define HAVE_SIGNAL 1
#define HAVE_SIGACTION 1
#define HAVE_LONG_LONG 1
#define HAVE_INTMAX_T 1
#define MPFR_HAVE_INTMAX_MAX 1
#define MPFR_PRINTF_MAXLM "j"
#define MPFR_HAVE_NORETURN 1
#define MPFR_HAVE_BUILTIN_UNREACHABLE 1
#define MPFR_HAVE_CONSTRUCTOR_ATTR 1
#define MPFR_HAVE_FESETROUND 1
#define HAVE_DENORMS 1
#define HAVE_DENORMS_FLT 1
#define HAVE_SIGNEDZ 1
#define HAVE_ROUND 1
#define HAVE_TRUNC 1
#define HAVE_FLOOR 1
#define HAVE_CEIL 1
#define HAVE_NEARBYINT 1
#define HAVE_LDOUBLE_IEEE_EXT_LITTLE 1
#define MPFR_USE_THREAD_SAFE 1
#define MPFR_USE_C11_THREAD_SAFE 1
#define MPFR_WANT_DECIMAL_FLOATS 1
#define MPFR_WANT_FLOAT128 1
#define MPFR_USE_STATIC_ASSERT 1
#define HAVE_CLOCK_GETTIME 1
#define HAVE_ATTRIBUTE_MODE 1
#define PRINTF_L 1
#define PRINTF_T 1
#define PRINTF_GROUPFLAG 1
#define HAVE___GMPN_SBPI1_DIVAPPR_Q 1
#define HAVE___GMPN_INVERT_LIMB 1
#define HAVE___GMPN_RSBLSH_N 1
#define MPFR_LONG_WITHIN_LIMB 1
#define HAVE_GETRUSAGE 1

configure: exit 0
